Using pre-set license
Built from '2020.3/staging' branch; Version is '2020.3.17f1 (a4537701e4ab) revision 10769271'; Using compiler version '192528614'; Build Type 'Release'
OS: 'Windows 10 Pro; OS build 19042.1348; Version 2009; 64bit' Language: 'ko' Physical Memory: 8130 MB
BatchMode: 1, IsHumanControllingUs: 0, StartBugReporterOnCrash: 0, Is64bit: 1, IsPro: 0

COMMAND LINE ARGUMENTS:
C:\Program Files\Unity\Hub\Editor\2020.3.17f1\Editor\Unity.exe
-adb2
-batchMode
-noUpm
-name
AssetImportWorker1
-projectPath
C:/Users/User/Documents/GitHub/GEA_Group3/SpaceLost
-logFile
Logs/AssetImportWorker1.log
-srvPort
62933
Successfully changed project path to: C:/Users/User/Documents/GitHub/GEA_Group3/SpaceLost
C:/Users/User/Documents/GitHub/GEA_Group3/SpaceLost
Using Asset Import Pipeline V2.
Refreshing native plugins compatible for Editor in 101.83 ms, found 2 plugins.
Preloading 0 native plugins for Editor in 0.00 ms.
Initialize engine version: 2020.3.17f1 (a4537701e4ab)
[Subsystems] Discovering subsystems at path C:/Program Files/Unity/Hub/Editor/2020.3.17f1/Editor/Data/Resources/UnitySubsystems
[Subsystems] Discovering subsystems at path C:/Users/User/Documents/GitHub/GEA_Group3/SpaceLost/Assets
GfxDevice: creating device client; threaded=0
Direct3D:
    Version:  Direct3D 11.0 [level 11.0]
    Renderer: NVIDIA GeForce GTX 750 (ID=0x1381)
    Vendor:   
    VRAM:     984 MB
    Driver:   27.21.14.5671
Initialize mono
Mono path[0] = 'C:/Program Files/Unity/Hub/Editor/2020.3.17f1/Editor/Data/Managed'
Mono path[1] = 'C:/Program Files/Unity/Hub/Editor/2020.3.17f1/Editor/Data/MonoBleedingEdge/lib/mono/unityjit'
Mono config path = 'C:/Program Files/Unity/Hub/Editor/2020.3.17f1/Editor/Data/MonoBleedingEdge/etc'
Using monoOptions --debugger-agent=transport=dt_socket,embedding=1,server=y,suspend=n,address=127.0.0.1:56436
Begin MonoManager ReloadAssembly
Registering precompiled unity dll's ...
Register platform support module: C:/Program Files/Unity/Hub/Editor/2020.3.17f1/Editor/Data/PlaybackEngines/WindowsStandaloneSupport/UnityEditor.WindowsStandalone.Extensions.dll
Registered in 0.001790 seconds.
Native extension for WindowsStandalone target not found
Refreshing native plugins compatible for Editor in 102.43 ms, found 2 plugins.
Preloading 0 native plugins for Editor in 0.00 ms.
Mono: successfully reloaded assembly
- Completed reload, in  3.369 seconds
Domain Reload Profiling:
	ReloadAssembly (3370ms)
		BeginReloadAssembly (76ms)
			ExecutionOrderSort (0ms)
			DisableScriptedObjects (0ms)
			BackupInstance (0ms)
			ReleaseScriptingObjects (0ms)
			CreateAndSetChildDomain (1ms)
		EndReloadAssembly (518ms)
			LoadAssemblies (73ms)
			RebuildTransferFunctionScriptingTraits (0ms)
			SetupTypeCache (174ms)
			ReleaseScriptCaches (0ms)
			RebuildScriptCaches (32ms)
			SetupLoadedEditorAssemblies (235ms)
				LogAssemblyErrors (0ms)
				InitializePlatformSupportModulesInManaged (4ms)
				SetLoadedEditorAssemblies (0ms)
				RefreshPlugins (103ms)
				BeforeProcessingInitializeOnLoad (19ms)
				ProcessInitializeOnLoadAttributes (79ms)
				ProcessInitializeOnLoadMethodAttributes (29ms)
				AfterProcessingInitializeOnLoad (0ms)
				EditorAssembliesLoaded (0ms)
			ExecutionOrderSort2 (0ms)
			AwakeInstancesAfterBackupRestoration (0ms)
Platform modules already initialized, skipping
Registering precompiled user dll's ...
Registered in 0.004413 seconds.
Begin MonoManager ReloadAssembly
Native extension for WindowsStandalone target not found
Refreshing native plugins compatible for Editor in 1.12 ms, found 2 plugins.
Preloading 0 native plugins for Editor in 0.00 ms.
Mono: successfully reloaded assembly
- Completed reload, in  1.526 seconds
Domain Reload Profiling:
	ReloadAssembly (1527ms)
		BeginReloadAssembly (162ms)
			ExecutionOrderSort (0ms)
			DisableScriptedObjects (5ms)
			BackupInstance (0ms)
			ReleaseScriptingObjects (0ms)
			CreateAndSetChildDomain (20ms)
		EndReloadAssembly (1297ms)
			LoadAssemblies (95ms)
			RebuildTransferFunctionScriptingTraits (0ms)
			SetupTypeCache (333ms)
			ReleaseScriptCaches (1ms)
			RebuildScriptCaches (51ms)
			SetupLoadedEditorAssemblies (711ms)
				LogAssemblyErrors (0ms)
				InitializePlatformSupportModulesInManaged (5ms)
				SetLoadedEditorAssemblies (0ms)
				RefreshPlugins (1ms)
				BeforeProcessingInitializeOnLoad (85ms)
				ProcessInitializeOnLoadAttributes (606ms)
				ProcessInitializeOnLoadMethodAttributes (7ms)
				AfterProcessingInitializeOnLoad (6ms)
				EditorAssembliesLoaded (0ms)
			ExecutionOrderSort2 (0ms)
			AwakeInstancesAfterBackupRestoration (8ms)
Platform modules already initialized, skipping
========================================================================
Worker process is ready to serve import requests
Launched and connected shader compiler UnityShaderCompiler.exe after 0.12 seconds
Refreshing native plugins compatible for Editor in 1.09 ms, found 2 plugins.
Preloading 0 native plugins for Editor in 0.00 ms.
Unloading 2011 Unused Serialized files (Serialized files now loaded: 0)
System memory in use before: 189.4 MB.
System memory in use after: 189.5 MB.

Unloading 81 unused Assets to reduce memory usage. Loaded Objects now: 2474.
Total: 4.555400 ms (FindLiveObjects: 0.265700 ms CreateObjectMapping: 0.148100 ms MarkObjects: 3.863900 ms  DeleteObjects: 0.276600 ms)

AssetImportParameters requested are different than current active one (requested -> active):
  custom:framework-win-MediaFoundation: 216162199b28c13a410421893ffa2e32 -> 
  custom:video-decoder-ogg-theora: a1e56fd34408186e4bbccfd4996cb3dc -> 
  custom:container-muxer-webm: aa71ff27fc2769a1b78a27578f13a17b -> 
  custom:container-demuxer-webm: 4f35f7cbe854078d1ac9338744f61a02 -> 
  custom:container-demuxer-ogg: 62fdf1f143b41e24485cea50d1cbac27 -> 
  custom:video-encoder-webm-vp8: eb34c28f22e8b96e1ab97ce403110664 -> 
  custom:video-decoder-webm-vp8: 9c59270c3fd7afecdb556c50c9e8de78 -> 
  custom:audio-decoder-ogg-vorbis: bf7c407c2cedff20999df2af8eb42d56 -> 
  custom:audio-encoder-webm-vorbis: bf7c407c2cedff20999df2af8eb42d56 -> 
========================================================================
Received Import Request.
  path: Assets/Effect/ARPG Effects/Prefabs/Interactive/Portals/Red/PortalRedIdle 1.prefab
  artifactKey: Guid(7e716e9ab6a95d444b19044dfda267c0) Importer(815301076,1909f56bfc062723c751e8b465ee728b)
Start importing Assets/Effect/ARPG Effects/Prefabs/Interactive/Portals/Red/PortalRedIdle 1.prefab using Guid(7e716e9ab6a95d444b19044dfda267c0) Importer(815301076,1909f56bfc062723c751e8b465ee728b)  -> (artifact id: '33b87c145542d387190f363aada402a1') in 0.150358 seconds 
  Import took 0.156906 seconds .

========================================================================
Received Import Request.
  Time since last request: 4.694915 seconds.
  path: Assets/3. Object/MiniMap/PortalRedIdle 1.prefab
  artifactKey: Guid(7e716e9ab6a95d444b19044dfda267c0) Importer(815301076,1909f56bfc062723c751e8b465ee728b)
Start importing Assets/3. Object/MiniMap/PortalRedIdle 1.prefab using Guid(7e716e9ab6a95d444b19044dfda267c0) Importer(815301076,1909f56bfc062723c751e8b465ee728b)  -> (artifact id: '5931667f87472afa69a3c8e842648a06') in 0.043792 seconds 
  Import took 0.049933 seconds .

========================================================================
Received Import Request.
  Time since last request: 22.842666 seconds.
  path: Assets/3. Object/MiniMap/PortalGreenIdle.prefab
  artifactKey: Guid(12b4881e50528bb41b2a8973a5ad4ddc) Importer(815301076,1909f56bfc062723c751e8b465ee728b)
Start importing Assets/3. Object/MiniMap/PortalGreenIdle.prefab using Guid(12b4881e50528bb41b2a8973a5ad4ddc) Importer(815301076,1909f56bfc062723c751e8b465ee728b)  -> (artifact id: '95ceb18cc7d25d150e6466756414821a') in 0.032118 seconds 
  Import took 0.039075 seconds .

========================================================================
Received Prepare
Registering precompiled user dll's ...
Registered in 0.004973 seconds.
Begin MonoManager ReloadAssembly
Native extension for WindowsStandalone target not found
Refreshing native plugins compatible for Editor in 1.51 ms, found 2 plugins.
Preloading 0 native plugins for Editor in 0.00 ms.
Warning: Annotation not found!
UnityEngine.StackTraceUtility:ExtractStackTrace ()
UnityEditor.ProBuilder.EditorUtility:SetGizmoIconEnabled (System.Type,bool) (at Library/PackageCache/com.unity.probuilder@5.0.3/Editor/EditorCore/EditorUtility.cs:575)
UnityEditor.ProBuilder.HierarchyListener:.cctor () (at Library/PackageCache/com.unity.probuilder@5.0.3/Editor/EditorCore/HierarchyListener.cs:21)
System.Runtime.CompilerServices.RuntimeHelpers:RunClassConstructor (System.RuntimeTypeHandle)
UnityEditor.EditorAssemblies:ProcessInitializeOnLoadAttributes (System.Type[])

[Library/PackageCache/com.unity.probuilder@5.0.3/Editor/EditorCore/EditorUtility.cs line 575]

Mono: successfully reloaded assembly
- Completed reload, in  2.285 seconds
Domain Reload Profiling:
	ReloadAssembly (2285ms)
		BeginReloadAssembly (311ms)
			ExecutionOrderSort (0ms)
			DisableScriptedObjects (5ms)
			BackupInstance (0ms)
			ReleaseScriptingObjects (0ms)
			CreateAndSetChildDomain (104ms)
		EndReloadAssembly (1903ms)
			LoadAssemblies (101ms)
			RebuildTransferFunctionScriptingTraits (0ms)
			SetupTypeCache (734ms)
			ReleaseScriptCaches (2ms)
			RebuildScriptCaches (55ms)
			SetupLoadedEditorAssemblies (870ms)
				LogAssemblyErrors (0ms)
				InitializePlatformSupportModulesInManaged (7ms)
				SetLoadedEditorAssemblies (1ms)
				RefreshPlugins (2ms)
				BeforeProcessingInitializeOnLoad (117ms)
				ProcessInitializeOnLoadAttributes (727ms)
				ProcessInitializeOnLoadMethodAttributes (8ms)
				AfterProcessingInitializeOnLoad (9ms)
				EditorAssembliesLoaded (0ms)
			ExecutionOrderSort2 (0ms)
			AwakeInstancesAfterBackupRestoration (10ms)
Platform modules already initialized, skipping
Refreshing native plugins compatible for Editor in 1.16 ms, found 2 plugins.
Preloading 0 native plugins for Editor in 0.00 ms.
Unloading 1925 Unused Serialized files (Serialized files now loaded: 0)
System memory in use before: 184.4 MB.
System memory in use after: 184.4 MB.

Unloading 14 unused Assets to reduce memory usage. Loaded Objects now: 2483.
Total: 4.488200 ms (FindLiveObjects: 0.247400 ms CreateObjectMapping: 0.144000 ms MarkObjects: 3.921400 ms  DeleteObjects: 0.174000 ms)

AssetImportParameters requested are different than current active one (requested -> active):
  custom:framework-win-MediaFoundation: 216162199b28c13a410421893ffa2e32 -> 
  custom:video-decoder-ogg-theora: a1e56fd34408186e4bbccfd4996cb3dc -> 
  custom:container-muxer-webm: aa71ff27fc2769a1b78a27578f13a17b -> 
  custom:container-demuxer-webm: 4f35f7cbe854078d1ac9338744f61a02 -> 
  custom:container-demuxer-ogg: 62fdf1f143b41e24485cea50d1cbac27 -> 
  custom:video-encoder-webm-vp8: eb34c28f22e8b96e1ab97ce403110664 -> 
  custom:video-decoder-webm-vp8: 9c59270c3fd7afecdb556c50c9e8de78 -> 
  custom:audio-decoder-ogg-vorbis: bf7c407c2cedff20999df2af8eb42d56 -> 
  custom:audio-encoder-webm-vorbis: bf7c407c2cedff20999df2af8eb42d56 -> 
========================================================================
Received Import Request.
  Time since last request: 256.870056 seconds.
  path: Assets/Effect/ARPG Effects/Materials/Quest Markers/questmarker_yellow.mat
  artifactKey: Guid(bdff5c76d21f1884f8cd6291084b1fc8) Importer(815301076,1909f56bfc062723c751e8b465ee728b)
Start importing Assets/Effect/ARPG Effects/Materials/Quest Markers/questmarker_yellow.mat using Guid(bdff5c76d21f1884f8cd6291084b1fc8) Importer(815301076,1909f56bfc062723c751e8b465ee728b)  -> (artifact id: '1ac54d6259e1b2b85902d1596c83aa39') in 0.092226 seconds 
  Import took 0.098993 seconds .

========================================================================
Received Import Request.
  Time since last request: 0.012906 seconds.
  path: Assets/Effect/ARPG Effects/Materials/Quest Markers/questmarker_yellow.mat
  artifactKey: Guid(bdff5c76d21f1884f8cd6291084b1fc8) Importer(815301076,1909f56bfc062723c751e8b465ee728b)
Start importing Assets/Effect/ARPG Effects/Materials/Quest Markers/questmarker_yellow.mat using Guid(bdff5c76d21f1884f8cd6291084b1fc8) Importer(815301076,1909f56bfc062723c751e8b465ee728b)  -> (artifact id: '1ac54d6259e1b2b85902d1596c83aa39') in 0.016392 seconds 
  Import took 0.021379 seconds .

========================================================================
Received Prepare
Registering precompiled user dll's ...
Registered in 0.004384 seconds.
Begin MonoManager ReloadAssembly
Native extension for WindowsStandalone target not found
Refreshing native plugins compatible for Editor in 1.31 ms, found 2 plugins.
Preloading 0 native plugins for Editor in 0.00 ms.
Warning: Annotation not found!
UnityEngine.StackTraceUtility:ExtractStackTrace ()
UnityEditor.ProBuilder.EditorUtility:SetGizmoIconEnabled (System.Type,bool) (at Library/PackageCache/com.unity.probuilder@5.0.3/Editor/EditorCore/EditorUtility.cs:575)
UnityEditor.ProBuilder.HierarchyListener:.cctor () (at Library/PackageCache/com.unity.probuilder@5.0.3/Editor/EditorCore/HierarchyListener.cs:21)
System.Runtime.CompilerServices.RuntimeHelpers:RunClassConstructor (System.RuntimeTypeHandle)
UnityEditor.EditorAssemblies:ProcessInitializeOnLoadAttributes (System.Type[])

[Library/PackageCache/com.unity.probuilder@5.0.3/Editor/EditorCore/EditorUtility.cs line 575]

Mono: successfully reloaded assembly
- Completed reload, in  1.430 seconds
Domain Reload Profiling:
	ReloadAssembly (1431ms)
		BeginReloadAssembly (133ms)
			ExecutionOrderSort (0ms)
			DisableScriptedObjects (4ms)
			BackupInstance (0ms)
			ReleaseScriptingObjects (0ms)
			CreateAndSetChildDomain (42ms)
		EndReloadAssembly (1235ms)
			LoadAssemblies (92ms)
			RebuildTransferFunctionScriptingTraits (0ms)
			SetupTypeCache (349ms)
			ReleaseScriptCaches (1ms)
			RebuildScriptCaches (51ms)
			SetupLoadedEditorAssemblies (628ms)
				LogAssemblyErrors (0ms)
				InitializePlatformSupportModulesInManaged (5ms)
				SetLoadedEditorAssemblies (0ms)
				RefreshPlugins (1ms)
				BeforeProcessingInitializeOnLoad (86ms)
				ProcessInitializeOnLoadAttributes (524ms)
				ProcessInitializeOnLoadMethodAttributes (5ms)
				AfterProcessingInitializeOnLoad (6ms)
				EditorAssembliesLoaded (0ms)
			ExecutionOrderSort2 (0ms)
			AwakeInstancesAfterBackupRestoration (7ms)
Platform modules already initialized, skipping
Refreshing native plugins compatible for Editor in 1.14 ms, found 2 plugins.
Preloading 0 native plugins for Editor in 0.00 ms.
Unloading 1925 Unused Serialized files (Serialized files now loaded: 0)
System memory in use before: 184.6 MB.
System memory in use after: 184.7 MB.

Unloading 14 unused Assets to reduce memory usage. Loaded Objects now: 2519.
Total: 4.453200 ms (FindLiveObjects: 0.239700 ms CreateObjectMapping: 0.136000 ms MarkObjects: 3.906300 ms  DeleteObjects: 0.169800 ms)

AssetImportParameters requested are different than current active one (requested -> active):
  custom:framework-win-MediaFoundation: 216162199b28c13a410421893ffa2e32 -> 
  custom:video-decoder-ogg-theora: a1e56fd34408186e4bbccfd4996cb3dc -> 
  custom:container-muxer-webm: aa71ff27fc2769a1b78a27578f13a17b -> 
  custom:container-demuxer-webm: 4f35f7cbe854078d1ac9338744f61a02 -> 
  custom:container-demuxer-ogg: 62fdf1f143b41e24485cea50d1cbac27 -> 
  custom:video-encoder-webm-vp8: eb34c28f22e8b96e1ab97ce403110664 -> 
  custom:video-decoder-webm-vp8: 9c59270c3fd7afecdb556c50c9e8de78 -> 
  custom:audio-decoder-ogg-vorbis: bf7c407c2cedff20999df2af8eb42d56 -> 
  custom:audio-encoder-webm-vorbis: bf7c407c2cedff20999df2af8eb42d56 -> 
========================================================================
Received Prepare
Registering precompiled user dll's ...
Registered in 0.004413 seconds.
Begin MonoManager ReloadAssembly
Native extension for WindowsStandalone target not found
Refreshing native plugins compatible for Editor in 1.20 ms, found 2 plugins.
Preloading 0 native plugins for Editor in 0.00 ms.
Warning: Annotation not found!
UnityEngine.StackTraceUtility:ExtractStackTrace ()
UnityEditor.ProBuilder.EditorUtility:SetGizmoIconEnabled (System.Type,bool) (at Library/PackageCache/com.unity.probuilder@5.0.3/Editor/EditorCore/EditorUtility.cs:575)
UnityEditor.ProBuilder.HierarchyListener:.cctor () (at Library/PackageCache/com.unity.probuilder@5.0.3/Editor/EditorCore/HierarchyListener.cs:21)
System.Runtime.CompilerServices.RuntimeHelpers:RunClassConstructor (System.RuntimeTypeHandle)
UnityEditor.EditorAssemblies:ProcessInitializeOnLoadAttributes (System.Type[])

[Library/PackageCache/com.unity.probuilder@5.0.3/Editor/EditorCore/EditorUtility.cs line 575]

Mono: successfully reloaded assembly
- Completed reload, in  1.348 seconds
Domain Reload Profiling:
	ReloadAssembly (1348ms)
		BeginReloadAssembly (140ms)
			ExecutionOrderSort (0ms)
			DisableScriptedObjects (4ms)
			BackupInstance (0ms)
			ReleaseScriptingObjects (0ms)
			CreateAndSetChildDomain (41ms)
		EndReloadAssembly (1137ms)
			LoadAssemblies (106ms)
			RebuildTransferFunctionScriptingTraits (0ms)
			SetupTypeCache (316ms)
			ReleaseScriptCaches (1ms)
			RebuildScriptCaches (40ms)
			SetupLoadedEditorAssemblies (581ms)
				LogAssemblyErrors (0ms)
				InitializePlatformSupportModulesInManaged (7ms)
				SetLoadedEditorAssemblies (1ms)
				RefreshPlugins (1ms)
				BeforeProcessingInitializeOnLoad (83ms)
				ProcessInitializeOnLoadAttributes (478ms)
				ProcessInitializeOnLoadMethodAttributes (5ms)
				AfterProcessingInitializeOnLoad (6ms)
				EditorAssembliesLoaded (0ms)
			ExecutionOrderSort2 (0ms)
			AwakeInstancesAfterBackupRestoration (7ms)
Platform modules already initialized, skipping
Refreshing native plugins compatible for Editor in 1.55 ms, found 2 plugins.
Preloading 0 native plugins for Editor in 0.00 ms.
Unloading 1925 Unused Serialized files (Serialized files now loaded: 0)
System memory in use before: 184.7 MB.
System memory in use after: 184.7 MB.

Unloading 14 unused Assets to reduce memory usage. Loaded Objects now: 2521.
Total: 5.131900 ms (FindLiveObjects: 0.266700 ms CreateObjectMapping: 0.132500 ms MarkObjects: 4.552200 ms  DeleteObjects: 0.179000 ms)

AssetImportParameters requested are different than current active one (requested -> active):
  custom:framework-win-MediaFoundation: 216162199b28c13a410421893ffa2e32 -> 
  custom:video-decoder-ogg-theora: a1e56fd34408186e4bbccfd4996cb3dc -> 
  custom:container-muxer-webm: aa71ff27fc2769a1b78a27578f13a17b -> 
  custom:container-demuxer-webm: 4f35f7cbe854078d1ac9338744f61a02 -> 
  custom:container-demuxer-ogg: 62fdf1f143b41e24485cea50d1cbac27 -> 
  custom:video-encoder-webm-vp8: eb34c28f22e8b96e1ab97ce403110664 -> 
  custom:video-decoder-webm-vp8: 9c59270c3fd7afecdb556c50c9e8de78 -> 
  custom:audio-decoder-ogg-vorbis: bf7c407c2cedff20999df2af8eb42d56 -> 
  custom:audio-encoder-webm-vorbis: bf7c407c2cedff20999df2af8eb42d56 -> 
========================================================================
Received Import Request.
  Time since last request: 271.184583 seconds.
  path: Assets/Effect/ARPG Effects/Prefabs/Interactive/Portals/Red/PortalRedIdle.prefab
  artifactKey: Guid(27856c31c3afe6244a0f17a4fef0905a) Importer(815301076,1909f56bfc062723c751e8b465ee728b)
Start importing Assets/Effect/ARPG Effects/Prefabs/Interactive/Portals/Red/PortalRedIdle.prefab using Guid(27856c31c3afe6244a0f17a4fef0905a) Importer(815301076,1909f56bfc062723c751e8b465ee728b)  -> (artifact id: '6de0812cca5a3ae8a0dccca66485958d') in 0.106379 seconds 
  Import took 0.113580 seconds .

========================================================================
Received Import Request.
  Time since last request: 2.463124 seconds.
  path: Assets/Effect/ARPG Effects/Prefabs/Interactive/Portals/Red/PortalRedIdle.prefab
  artifactKey: Guid(27856c31c3afe6244a0f17a4fef0905a) Importer(815301076,1909f56bfc062723c751e8b465ee728b)
Start importing Assets/Effect/ARPG Effects/Prefabs/Interactive/Portals/Red/PortalRedIdle.prefab using Guid(27856c31c3afe6244a0f17a4fef0905a) Importer(815301076,1909f56bfc062723c751e8b465ee728b)  -> (artifact id: 'c9fe0cd5ca5a342cae079afc9c6863f5') in 0.054656 seconds 
  Import took 0.063791 seconds .

========================================================================
Received Import Request.
  Time since last request: 3.851357 seconds.
  path: Assets/Effect/ARPG Effects/Prefabs/Interactive/Portals/Red/PortalRedOpen.prefab
  artifactKey: Guid(ccb3e311f4a463d48882902db30e02ec) Importer(815301076,1909f56bfc062723c751e8b465ee728b)
Start importing Assets/Effect/ARPG Effects/Prefabs/Interactive/Portals/Red/PortalRedOpen.prefab using Guid(ccb3e311f4a463d48882902db30e02ec) Importer(815301076,1909f56bfc062723c751e8b465ee728b)  -> (artifact id: 'd96ec6f4dc47b231b4767a14db6c23f0') in 0.041099 seconds 
  Import took 0.049461 seconds .

========================================================================
Received Import Request.
  Time since last request: 0.742202 seconds.
  path: Assets/Effect/ARPG Effects/Prefabs/Interactive/Portals/Red/PortalRedOpen.prefab
  artifactKey: Guid(ccb3e311f4a463d48882902db30e02ec) Importer(815301076,1909f56bfc062723c751e8b465ee728b)
Start importing Assets/Effect/ARPG Effects/Prefabs/Interactive/Portals/Red/PortalRedOpen.prefab using Guid(ccb3e311f4a463d48882902db30e02ec) Importer(815301076,1909f56bfc062723c751e8b465ee728b)  -> (artifact id: '26b8bc62e41df71197b99fa59b916325') in 0.041157 seconds 
  Import took 0.048403 seconds .

========================================================================
Received Import Request.
  Time since last request: 124.052814 seconds.
  path: Assets/Effect/ARPG Effects/Prefabs/Loot/Items/Runes/ItemRune01 1.prefab
  artifactKey: Guid(f9bce5df8b8040045baba0efa99eed75) Importer(815301076,1909f56bfc062723c751e8b465ee728b)
Start importing Assets/Effect/ARPG Effects/Prefabs/Loot/Items/Runes/ItemRune01 1.prefab using Guid(f9bce5df8b8040045baba0efa99eed75) Importer(815301076,1909f56bfc062723c751e8b465ee728b)  -> (artifact id: '89f0c53424430a93d873dc616d11f16d') in 0.022068 seconds 
  Import took 0.027839 seconds .

========================================================================
Received Import Request.
  Time since last request: 10.657915 seconds.
  path: Assets/3. Object/MiniMap/ItemRune01 1.prefab
  artifactKey: Guid(f9bce5df8b8040045baba0efa99eed75) Importer(815301076,1909f56bfc062723c751e8b465ee728b)
Start importing Assets/3. Object/MiniMap/ItemRune01 1.prefab using Guid(f9bce5df8b8040045baba0efa99eed75) Importer(815301076,1909f56bfc062723c751e8b465ee728b)  -> (artifact id: '32ec3db0651d1c762ebe5a76a4a3477e') in 0.015069 seconds 
  Import took 0.020620 seconds .

========================================================================
Received Import Request.
  Time since last request: 0.004266 seconds.
  path: Assets/3. Object/MiniMap/ItemRune01 1.prefab
  artifactKey: Guid(f9bce5df8b8040045baba0efa99eed75) Importer(815301076,1909f56bfc062723c751e8b465ee728b)
Start importing Assets/3. Object/MiniMap/ItemRune01 1.prefab using Guid(f9bce5df8b8040045baba0efa99eed75) Importer(815301076,1909f56bfc062723c751e8b465ee728b)  -> (artifact id: '32ec3db0651d1c762ebe5a76a4a3477e') in 0.017592 seconds 
  Import took 0.022417 seconds .

========================================================================
Received Import Request.
  Time since last request: 17.981111 seconds.
  path: Assets/3. Object/MiniMap/ItemRune01 1.prefab
  artifactKey: Guid(f9bce5df8b8040045baba0efa99eed75) Importer(815301076,1909f56bfc062723c751e8b465ee728b)
Start importing Assets/3. Object/MiniMap/ItemRune01 1.prefab using Guid(f9bce5df8b8040045baba0efa99eed75) Importer(815301076,1909f56bfc062723c751e8b465ee728b)  -> (artifact id: 'dce669ca36a2ced333c1bc50a39c9f60') in 0.010642 seconds 
  Import took 0.016894 seconds .

========================================================================
Received Import Request.
  Time since last request: 3.307901 seconds.
  path: Assets/3. Object/MiniMap/ItemRune01 1.prefab
  artifactKey: Guid(f9bce5df8b8040045baba0efa99eed75) Importer(815301076,1909f56bfc062723c751e8b465ee728b)
Start importing Assets/3. Object/MiniMap/ItemRune01 1.prefab using Guid(f9bce5df8b8040045baba0efa99eed75) Importer(815301076,1909f56bfc062723c751e8b465ee728b)  -> (artifact id: '242684670f70e5a3b3a6c42752213ecb') in 0.021955 seconds 
  Import took 0.029596 seconds .

========================================================================
Received Import Request.
  Time since last request: 0.978018 seconds.
  path: Assets/3. Object/MiniMap/ItemRune01 1.prefab
  artifactKey: Guid(f9bce5df8b8040045baba0efa99eed75) Importer(815301076,1909f56bfc062723c751e8b465ee728b)
Start importing Assets/3. Object/MiniMap/ItemRune01 1.prefab using Guid(f9bce5df8b8040045baba0efa99eed75) Importer(815301076,1909f56bfc062723c751e8b465ee728b)  -> (artifact id: '0a8c72b2c116ab5dafe619fcb7b44acb') in 0.020840 seconds 
  Import took 0.029566 seconds .

========================================================================
Received Import Request.
  Time since last request: 1.192147 seconds.
  path: Assets/3. Object/MiniMap/ItemRune01 1.prefab
  artifactKey: Guid(f9bce5df8b8040045baba0efa99eed75) Importer(815301076,1909f56bfc062723c751e8b465ee728b)
Start importing Assets/3. Object/MiniMap/ItemRune01 1.prefab using Guid(f9bce5df8b8040045baba0efa99eed75) Importer(815301076,1909f56bfc062723c751e8b465ee728b)  -> (artifact id: 'c5cd42fe0c49eb28cfe110e65b87d5f0') in 0.015404 seconds 
  Import took 0.020854 seconds .

========================================================================
Received Import Request.
  Time since last request: 1.853089 seconds.
  path: Assets/3. Object/MiniMap/ItemRune01 1.prefab
  artifactKey: Guid(f9bce5df8b8040045baba0efa99eed75) Importer(815301076,1909f56bfc062723c751e8b465ee728b)
Start importing Assets/3. Object/MiniMap/ItemRune01 1.prefab using Guid(f9bce5df8b8040045baba0efa99eed75) Importer(815301076,1909f56bfc062723c751e8b465ee728b)  -> (artifact id: '732e0b7fad3a12514211b4f1faa120bb') in 0.012375 seconds 
  Import took 0.018255 seconds .

========================================================================
Received Import Request.
  Time since last request: 22.368731 seconds.
  path: Assets/3. Object/MiniMap/MiniMapFinish.prefab
  artifactKey: Guid(f9bce5df8b8040045baba0efa99eed75) Importer(815301076,1909f56bfc062723c751e8b465ee728b)
Start importing Assets/3. Object/MiniMap/MiniMapFinish.prefab using Guid(f9bce5df8b8040045baba0efa99eed75) Importer(815301076,1909f56bfc062723c751e8b465ee728b)  -> (artifact id: 'ea0bbac6239f1a6e36bbbb3e88dc1a94') in 0.018454 seconds 
  Import took 0.024505 seconds .

========================================================================
Received Import Request.
  Time since last request: 0.016796 seconds.
  path: Assets/3. Object/MiniMap/MiniMapFinish.prefab
  artifactKey: Guid(f9bce5df8b8040045baba0efa99eed75) Importer(815301076,1909f56bfc062723c751e8b465ee728b)
Start importing Assets/3. Object/MiniMap/MiniMapFinish.prefab using Guid(f9bce5df8b8040045baba0efa99eed75) Importer(815301076,1909f56bfc062723c751e8b465ee728b)  -> (artifact id: 'ea0bbac6239f1a6e36bbbb3e88dc1a94') in 0.021733 seconds 
  Import took 0.027581 seconds .

========================================================================
Received Import Request.
  Time since last request: 115.811521 seconds.
  path: Assets/PolygonIcons/Prefabs/SM_Icon_Star_01 1.prefab
  artifactKey: Guid(56e3feb625de1d44b979b909c16c2dff) Importer(815301076,1909f56bfc062723c751e8b465ee728b)
Start importing Assets/PolygonIcons/Prefabs/SM_Icon_Star_01 1.prefab using Guid(56e3feb625de1d44b979b909c16c2dff) Importer(815301076,1909f56bfc062723c751e8b465ee728b)  -> (artifact id: '2cdc2a3eabedf6ed2bcf165bdae4bbae') in 0.032849 seconds 
  Import took 0.039148 seconds .

========================================================================
Received Import Request.
  Time since last request: 0.001726 seconds.
  path: Assets/PolygonIcons/Prefabs/SM_Icon_Star_01 1.prefab
  artifactKey: Guid(56e3feb625de1d44b979b909c16c2dff) Importer(815301076,1909f56bfc062723c751e8b465ee728b)
Start importing Assets/PolygonIcons/Prefabs/SM_Icon_Star_01 1.prefab using Guid(56e3feb625de1d44b979b909c16c2dff) Importer(815301076,1909f56bfc062723c751e8b465ee728b)  -> (artifact id: '2cdc2a3eabedf6ed2bcf165bdae4bbae') in 0.024754 seconds 
  Import took 0.029189 seconds .

========================================================================
Received Import Request.
  Time since last request: 6.295717 seconds.
  path: Assets/3. Object/MiniMap/SM_Icon_Star_01 1.prefab
  artifactKey: Guid(56e3feb625de1d44b979b909c16c2dff) Importer(815301076,1909f56bfc062723c751e8b465ee728b)
Start importing Assets/3. Object/MiniMap/SM_Icon_Star_01 1.prefab using Guid(56e3feb625de1d44b979b909c16c2dff) Importer(815301076,1909f56bfc062723c751e8b465ee728b)  -> (artifact id: '9f0a9fa186ed183d9aa7a5680c0352e7') in 0.025494 seconds 
  Import took 0.030359 seconds .

========================================================================
Received Import Request.
  Time since last request: 196.778665 seconds.
  path: Assets/PolygonIcons/Prefabs/SM_Icon_Selection_06 1.prefab
  artifactKey: Guid(5a811fe7c5aa7b845ac664e5b0d1fb67) Importer(815301076,1909f56bfc062723c751e8b465ee728b)
Start importing Assets/PolygonIcons/Prefabs/SM_Icon_Selection_06 1.prefab using Guid(5a811fe7c5aa7b845ac664e5b0d1fb67) Importer(815301076,1909f56bfc062723c751e8b465ee728b)  -> (artifact id: 'e434f579e393e693c290bfd142d7c9f3') in 0.033284 seconds 
  Import took 0.040364 seconds .

========================================================================
Received Import Request.
  Time since last request: 5.257496 seconds.
  path: Assets/3. Object/MiniMap/SM_Icon_Selection_06 1.prefab
  artifactKey: Guid(5a811fe7c5aa7b845ac664e5b0d1fb67) Importer(815301076,1909f56bfc062723c751e8b465ee728b)
Start importing Assets/3. Object/MiniMap/SM_Icon_Selection_06 1.prefab using Guid(5a811fe7c5aa7b845ac664e5b0d1fb67) Importer(815301076,1909f56bfc062723c751e8b465ee728b)  -> (artifact id: '1db58d10d2eb65c433cd16a39671f44c') in 0.027441 seconds 
  Import took 0.032448 seconds .

========================================================================
Received Import Request.
  Time since last request: 22.949261 seconds.
  path: Assets/3. Object/MiniMap/MapFinishPoint.prefab
  artifactKey: Guid(5a811fe7c5aa7b845ac664e5b0d1fb67) Importer(815301076,1909f56bfc062723c751e8b465ee728b)
Start importing Assets/3. Object/MiniMap/MapFinishPoint.prefab using Guid(5a811fe7c5aa7b845ac664e5b0d1fb67) Importer(815301076,1909f56bfc062723c751e8b465ee728b)  -> (artifact id: '92793fde715da8dccc0ce1445ec6cdf6') in 0.036041 seconds 
  Import took 0.042866 seconds .

========================================================================
Received Prepare
Registering precompiled user dll's ...
Registered in 0.004640 seconds.
Begin MonoManager ReloadAssembly
Native extension for WindowsStandalone target not found
Refreshing native plugins compatible for Editor in 1.23 ms, found 2 plugins.
Preloading 0 native plugins for Editor in 0.00 ms.
Warning: Annotation not found!
UnityEngine.StackTraceUtility:ExtractStackTrace ()
UnityEditor.ProBuilder.EditorUtility:SetGizmoIconEnabled (System.Type,bool) (at Library/PackageCache/com.unity.probuilder@5.0.3/Editor/EditorCore/EditorUtility.cs:575)
UnityEditor.ProBuilder.HierarchyListener:.cctor () (at Library/PackageCache/com.unity.probuilder@5.0.3/Editor/EditorCore/HierarchyListener.cs:21)
System.Runtime.CompilerServices.RuntimeHelpers:RunClassConstructor (System.RuntimeTypeHandle)
UnityEditor.EditorAssemblies:ProcessInitializeOnLoadAttributes (System.Type[])

[Library/PackageCache/com.unity.probuilder@5.0.3/Editor/EditorCore/EditorUtility.cs line 575]

Mono: successfully reloaded assembly
- Completed reload, in  1.519 seconds
Domain Reload Profiling:
	ReloadAssembly (1519ms)
		BeginReloadAssembly (187ms)
			ExecutionOrderSort (0ms)
			DisableScriptedObjects (8ms)
			BackupInstance (0ms)
			ReleaseScriptingObjects (0ms)
			CreateAndSetChildDomain (63ms)
		EndReloadAssembly (1256ms)
			LoadAssemblies (104ms)
			RebuildTransferFunctionScriptingTraits (0ms)
			SetupTypeCache (336ms)
			ReleaseScriptCaches (1ms)
			RebuildScriptCaches (44ms)
			SetupLoadedEditorAssemblies (670ms)
				LogAssemblyErrors (0ms)
				InitializePlatformSupportModulesInManaged (5ms)
				SetLoadedEditorAssemblies (1ms)
				RefreshPlugins (1ms)
				BeforeProcessingInitializeOnLoad (93ms)
				ProcessInitializeOnLoadAttributes (557ms)
				ProcessInitializeOnLoadMethodAttributes (6ms)
				AfterProcessingInitializeOnLoad (6ms)
				EditorAssembliesLoaded (0ms)
			ExecutionOrderSort2 (0ms)
			AwakeInstancesAfterBackupRestoration (8ms)
Platform modules already initialized, skipping
Refreshing native plugins compatible for Editor in 1.21 ms, found 2 plugins.
Preloading 0 native plugins for Editor in 0.00 ms.
Unloading 1925 Unused Serialized files (Serialized files now loaded: 0)
System memory in use before: 184.7 MB.
System memory in use after: 184.8 MB.

Unloading 14 unused Assets to reduce memory usage. Loaded Objects now: 2524.
Total: 4.760300 ms (FindLiveObjects: 0.279900 ms CreateObjectMapping: 0.177100 ms MarkObjects: 4.147100 ms  DeleteObjects: 0.155100 ms)

AssetImportParameters requested are different than current active one (requested -> active):
  custom:framework-win-MediaFoundation: 216162199b28c13a410421893ffa2e32 -> 
  custom:video-decoder-ogg-theora: a1e56fd34408186e4bbccfd4996cb3dc -> 
  custom:container-muxer-webm: aa71ff27fc2769a1b78a27578f13a17b -> 
  custom:container-demuxer-webm: 4f35f7cbe854078d1ac9338744f61a02 -> 
  custom:container-demuxer-ogg: 62fdf1f143b41e24485cea50d1cbac27 -> 
  custom:video-encoder-webm-vp8: eb34c28f22e8b96e1ab97ce403110664 -> 
  custom:video-decoder-webm-vp8: 9c59270c3fd7afecdb556c50c9e8de78 -> 
  custom:audio-decoder-ogg-vorbis: bf7c407c2cedff20999df2af8eb42d56 -> 
  custom:audio-encoder-webm-vorbis: bf7c407c2cedff20999df2af8eb42d56 -> 
========================================================================
Received Prepare
Registering precompiled user dll's ...
Registered in 0.004493 seconds.
Begin MonoManager ReloadAssembly
Native extension for WindowsStandalone target not found
Refreshing native plugins compatible for Editor in 1.38 ms, found 2 plugins.
Preloading 0 native plugins for Editor in 0.00 ms.
Warning: Annotation not found!
UnityEngine.StackTraceUtility:ExtractStackTrace ()
UnityEditor.ProBuilder.EditorUtility:SetGizmoIconEnabled (System.Type,bool) (at Library/PackageCache/com.unity.probuilder@5.0.3/Editor/EditorCore/EditorUtility.cs:575)
UnityEditor.ProBuilder.HierarchyListener:.cctor () (at Library/PackageCache/com.unity.probuilder@5.0.3/Editor/EditorCore/HierarchyListener.cs:21)
System.Runtime.CompilerServices.RuntimeHelpers:RunClassConstructor (System.RuntimeTypeHandle)
UnityEditor.EditorAssemblies:ProcessInitializeOnLoadAttributes (System.Type[])

[Library/PackageCache/com.unity.probuilder@5.0.3/Editor/EditorCore/EditorUtility.cs line 575]

Mono: successfully reloaded assembly
- Completed reload, in  1.432 seconds
Domain Reload Profiling:
	ReloadAssembly (1433ms)
		BeginReloadAssembly (128ms)
			ExecutionOrderSort (0ms)
			DisableScriptedObjects (4ms)
			BackupInstance (0ms)
			ReleaseScriptingObjects (0ms)
			CreateAndSetChildDomain (41ms)
		EndReloadAssembly (1230ms)
			LoadAssemblies (99ms)
			RebuildTransferFunctionScriptingTraits (0ms)
			SetupTypeCache (328ms)
			ReleaseScriptCaches (1ms)
			RebuildScriptCaches (44ms)
			SetupLoadedEditorAssemblies (655ms)
				LogAssemblyErrors (0ms)
				InitializePlatformSupportModulesInManaged (6ms)
				SetLoadedEditorAssemblies (0ms)
				RefreshPlugins (1ms)
				BeforeProcessingInitializeOnLoad (82ms)
				ProcessInitializeOnLoadAttributes (553ms)
				ProcessInitializeOnLoadMethodAttributes (6ms)
				AfterProcessingInitializeOnLoad (6ms)
				EditorAssembliesLoaded (0ms)
			ExecutionOrderSort2 (0ms)
			AwakeInstancesAfterBackupRestoration (8ms)
Platform modules already initialized, skipping
Refreshing native plugins compatible for Editor in 1.21 ms, found 2 plugins.
Preloading 0 native plugins for Editor in 0.00 ms.
Unloading 1925 Unused Serialized files (Serialized files now loaded: 0)
System memory in use before: 184.7 MB.
System memory in use after: 184.7 MB.

Unloading 14 unused Assets to reduce memory usage. Loaded Objects now: 2526.
Total: 4.803200 ms (FindLiveObjects: 0.271000 ms CreateObjectMapping: 0.266800 ms MarkObjects: 4.084000 ms  DeleteObjects: 0.180000 ms)

AssetImportParameters requested are different than current active one (requested -> active):
  custom:framework-win-MediaFoundation: 216162199b28c13a410421893ffa2e32 -> 
  custom:video-decoder-ogg-theora: a1e56fd34408186e4bbccfd4996cb3dc -> 
  custom:container-muxer-webm: aa71ff27fc2769a1b78a27578f13a17b -> 
  custom:container-demuxer-webm: 4f35f7cbe854078d1ac9338744f61a02 -> 
  custom:container-demuxer-ogg: 62fdf1f143b41e24485cea50d1cbac27 -> 
  custom:video-encoder-webm-vp8: eb34c28f22e8b96e1ab97ce403110664 -> 
  custom:video-decoder-webm-vp8: 9c59270c3fd7afecdb556c50c9e8de78 -> 
  custom:audio-decoder-ogg-vorbis: bf7c407c2cedff20999df2af8eb42d56 -> 
  custom:audio-encoder-webm-vorbis: bf7c407c2cedff20999df2af8eb42d56 -> 
========================================================================
Received Prepare
Registering precompiled user dll's ...
Registered in 0.004886 seconds.
Begin MonoManager ReloadAssembly
Native extension for WindowsStandalone target not found
Refreshing native plugins compatible for Editor in 1.51 ms, found 2 plugins.
Preloading 0 native plugins for Editor in 0.00 ms.
Warning: Annotation not found!
UnityEngine.StackTraceUtility:ExtractStackTrace ()
UnityEditor.ProBuilder.EditorUtility:SetGizmoIconEnabled (System.Type,bool) (at Library/PackageCache/com.unity.probuilder@5.0.3/Editor/EditorCore/EditorUtility.cs:575)
UnityEditor.ProBuilder.HierarchyListener:.cctor () (at Library/PackageCache/com.unity.probuilder@5.0.3/Editor/EditorCore/HierarchyListener.cs:21)
System.Runtime.CompilerServices.RuntimeHelpers:RunClassConstructor (System.RuntimeTypeHandle)
UnityEditor.EditorAssemblies:ProcessInitializeOnLoadAttributes (System.Type[])

[Library/PackageCache/com.unity.probuilder@5.0.3/Editor/EditorCore/EditorUtility.cs line 575]

Mono: successfully reloaded assembly
- Completed reload, in  1.485 seconds
Domain Reload Profiling:
	ReloadAssembly (1486ms)
		BeginReloadAssembly (127ms)
			ExecutionOrderSort (0ms)
			DisableScriptedObjects (5ms)
			BackupInstance (0ms)
			ReleaseScriptingObjects (0ms)
			CreateAndSetChildDomain (36ms)
		EndReloadAssembly (1292ms)
			LoadAssemblies (95ms)
			RebuildTransferFunctionScriptingTraits (0ms)
			SetupTypeCache (309ms)
			ReleaseScriptCaches (1ms)
			RebuildScriptCaches (41ms)
			SetupLoadedEditorAssemblies (748ms)
				LogAssemblyErrors (0ms)
				InitializePlatformSupportModulesInManaged (6ms)
				SetLoadedEditorAssemblies (1ms)
				RefreshPlugins (2ms)
				BeforeProcessingInitializeOnLoad (88ms)
				ProcessInitializeOnLoadAttributes (637ms)
				ProcessInitializeOnLoadMethodAttributes (8ms)
				AfterProcessingInitializeOnLoad (7ms)
				EditorAssembliesLoaded (0ms)
			ExecutionOrderSort2 (0ms)
			AwakeInstancesAfterBackupRestoration (10ms)
Platform modules already initialized, skipping
Refreshing native plugins compatible for Editor in 1.49 ms, found 2 plugins.
Preloading 0 native plugins for Editor in 0.00 ms.
Unloading 1925 Unused Serialized files (Serialized files now loaded: 0)
System memory in use before: 184.8 MB.
System memory in use after: 184.8 MB.

Unloading 14 unused Assets to reduce memory usage. Loaded Objects now: 2528.
Total: 6.465000 ms (FindLiveObjects: 0.300800 ms CreateObjectMapping: 0.234100 ms MarkObjects: 5.757000 ms  DeleteObjects: 0.171300 ms)

AssetImportParameters requested are different than current active one (requested -> active):
  custom:framework-win-MediaFoundation: 216162199b28c13a410421893ffa2e32 -> 
  custom:video-decoder-ogg-theora: a1e56fd34408186e4bbccfd4996cb3dc -> 
  custom:container-muxer-webm: aa71ff27fc2769a1b78a27578f13a17b -> 
  custom:container-demuxer-webm: 4f35f7cbe854078d1ac9338744f61a02 -> 
  custom:container-demuxer-ogg: 62fdf1f143b41e24485cea50d1cbac27 -> 
  custom:video-encoder-webm-vp8: eb34c28f22e8b96e1ab97ce403110664 -> 
  custom:video-decoder-webm-vp8: 9c59270c3fd7afecdb556c50c9e8de78 -> 
  custom:audio-decoder-ogg-vorbis: bf7c407c2cedff20999df2af8eb42d56 -> 
  custom:audio-encoder-webm-vorbis: bf7c407c2cedff20999df2af8eb42d56 -> 
AssetImportWorkerClient::OnTransportError - code=2 error=End of file
