Using pre-set license
Built from '2020.3/staging' branch; Version is '2020.3.17f1 (a4537701e4ab) revision 10769271'; Using compiler version '192528614'; Build Type 'Release'
OS: 'Windows 10 Pro; OS build 19042.1348; Version 2009; 64bit' Language: 'ko' Physical Memory: 8070 MB
BatchMode: 1, IsHumanControllingUs: 0, StartBugReporterOnCrash: 0, Is64bit: 1, IsPro: 0

COMMAND LINE ARGUMENTS:
C:\Program Files\Unity\Hub\Editor\2020.3.17f1\Editor\Unity.exe
-adb2
-batchMode
-noUpm
-name
AssetImportWorker0
-projectPath
D:/Project/GEA_Group3/SpaceLost
-logFile
Logs/AssetImportWorker0.log
-srvPort
6595
Successfully changed project path to: D:/Project/GEA_Group3/SpaceLost
D:/Project/GEA_Group3/SpaceLost
Using Asset Import Pipeline V2.
Refreshing native plugins compatible for Editor in 158.12 ms, found 2 plugins.
Preloading 0 native plugins for Editor in 0.00 ms.
Initialize engine version: 2020.3.17f1 (a4537701e4ab)
[Subsystems] Discovering subsystems at path C:/Program Files/Unity/Hub/Editor/2020.3.17f1/Editor/Data/Resources/UnitySubsystems
[Subsystems] Discovering subsystems at path D:/Project/GEA_Group3/SpaceLost/Assets
GfxDevice: creating device client; threaded=0
Direct3D:
    Version:  Direct3D 11.0 [level 11.1]
    Renderer: NVIDIA GeForce GTX 1050 (ID=0x1c8d)
    Vendor:   
    VRAM:     4021 MB
    Driver:   27.21.14.6231
Initialize mono
Mono path[0] = 'C:/Program Files/Unity/Hub/Editor/2020.3.17f1/Editor/Data/Managed'
Mono path[1] = 'C:/Program Files/Unity/Hub/Editor/2020.3.17f1/Editor/Data/MonoBleedingEdge/lib/mono/unityjit'
Mono config path = 'C:/Program Files/Unity/Hub/Editor/2020.3.17f1/Editor/Data/MonoBleedingEdge/etc'
Using monoOptions --debugger-agent=transport=dt_socket,embedding=1,server=y,suspend=n,address=127.0.0.1:56476
Begin MonoManager ReloadAssembly
Registering precompiled unity dll's ...
Register platform support module: C:/Program Files/Unity/Hub/Editor/2020.3.17f1/Editor/Data/PlaybackEngines/WindowsStandaloneSupport/UnityEditor.WindowsStandalone.Extensions.dll
Registered in 0.006823 seconds.
Native extension for WindowsStandalone target not found
Refreshing native plugins compatible for Editor in 111.58 ms, found 2 plugins.
Preloading 0 native plugins for Editor in 0.00 ms.
Mono: successfully reloaded assembly
- Completed reload, in  4.964 seconds
Domain Reload Profiling:
	ReloadAssembly (4965ms)
		BeginReloadAssembly (139ms)
			ExecutionOrderSort (0ms)
			DisableScriptedObjects (0ms)
			BackupInstance (0ms)
			ReleaseScriptingObjects (0ms)
			CreateAndSetChildDomain (2ms)
		EndReloadAssembly (731ms)
			LoadAssemblies (132ms)
			RebuildTransferFunctionScriptingTraits (1ms)
			SetupTypeCache (221ms)
			ReleaseScriptCaches (0ms)
			RebuildScriptCaches (38ms)
			SetupLoadedEditorAssemblies (344ms)
				LogAssemblyErrors (0ms)
				InitializePlatformSupportModulesInManaged (7ms)
				SetLoadedEditorAssemblies (0ms)
				RefreshPlugins (112ms)
				BeforeProcessingInitializeOnLoad (25ms)
				ProcessInitializeOnLoadAttributes (122ms)
				ProcessInitializeOnLoadMethodAttributes (77ms)
				AfterProcessingInitializeOnLoad (0ms)
				EditorAssembliesLoaded (1ms)
			ExecutionOrderSort2 (0ms)
			AwakeInstancesAfterBackupRestoration (0ms)
Platform modules already initialized, skipping
Registering precompiled user dll's ...
Registered in 0.099793 seconds.
Begin MonoManager ReloadAssembly
Native extension for WindowsStandalone target not found
Refreshing native plugins compatible for Editor in 1.28 ms, found 2 plugins.
Preloading 0 native plugins for Editor in 0.00 ms.
Mono: successfully reloaded assembly
- Completed reload, in  3.648 seconds
Domain Reload Profiling:
	ReloadAssembly (3651ms)
		BeginReloadAssembly (206ms)
			ExecutionOrderSort (1ms)
			DisableScriptedObjects (6ms)
			BackupInstance (0ms)
			ReleaseScriptingObjects (0ms)
			CreateAndSetChildDomain (25ms)
		EndReloadAssembly (3323ms)
			LoadAssemblies (1582ms)
			RebuildTransferFunctionScriptingTraits (0ms)
			SetupTypeCache (455ms)
			ReleaseScriptCaches (1ms)
			RebuildScriptCaches (65ms)
			SetupLoadedEditorAssemblies (1107ms)
				LogAssemblyErrors (0ms)
				InitializePlatformSupportModulesInManaged (9ms)
				SetLoadedEditorAssemblies (0ms)
				RefreshPlugins (1ms)
				BeforeProcessingInitializeOnLoad (130ms)
				ProcessInitializeOnLoadAttributes (942ms)
				ProcessInitializeOnLoadMethodAttributes (9ms)
				AfterProcessingInitializeOnLoad (15ms)
				EditorAssembliesLoaded (0ms)
			ExecutionOrderSort2 (0ms)
			AwakeInstancesAfterBackupRestoration (8ms)
Platform modules already initialized, skipping
========================================================================
Worker process is ready to serve import requests
Launched and connected shader compiler UnityShaderCompiler.exe after 0.23 seconds
Refreshing native plugins compatible for Editor in 2.40 ms, found 2 plugins.
Preloading 0 native plugins for Editor in 0.00 ms.
Unloading 1981 Unused Serialized files (Serialized files now loaded: 0)
System memory in use before: 104.3 MB.
System memory in use after: 104.4 MB.

Unloading 80 unused Assets to reduce memory usage. Loaded Objects now: 2416.
Total: 6.357500 ms (FindLiveObjects: 0.258100 ms CreateObjectMapping: 0.075300 ms MarkObjects: 5.774700 ms  DeleteObjects: 0.246600 ms)

AssetImportParameters requested are different than current active one (requested -> active):
  custom:framework-win-MediaFoundation: 216162199b28c13a410421893ffa2e32 -> 
  custom:video-decoder-ogg-theora: a1e56fd34408186e4bbccfd4996cb3dc -> 
  custom:container-muxer-webm: aa71ff27fc2769a1b78a27578f13a17b -> 
  custom:container-demuxer-webm: 4f35f7cbe854078d1ac9338744f61a02 -> 
  custom:container-demuxer-ogg: 62fdf1f143b41e24485cea50d1cbac27 -> 
  custom:video-encoder-webm-vp8: eb34c28f22e8b96e1ab97ce403110664 -> 
  custom:video-decoder-webm-vp8: 9c59270c3fd7afecdb556c50c9e8de78 -> 
  custom:audio-decoder-ogg-vorbis: bf7c407c2cedff20999df2af8eb42d56 -> 
  custom:audio-encoder-webm-vorbis: bf7c407c2cedff20999df2af8eb42d56 -> 
========================================================================
Received Import Request.
  path: Assets/5. Player/Player.prefab
  artifactKey: Guid(55dce2e08da81f24f9bb5768f7d7f66a) Importer(815301076,1909f56bfc062723c751e8b465ee728b)
Start importing Assets/5. Player/Player.prefab using Guid(55dce2e08da81f24f9bb5768f7d7f66a) Importer(815301076,1909f56bfc062723c751e8b465ee728b)  -> (artifact id: 'be2da174fbc653e67eb5915ee1b36dd0') in 0.849255 seconds 
  Import took 1.095791 seconds .

========================================================================
Received Import Request.
  Time since last request: 206.696901 seconds.
  path: Assets/1. Scenes/NewLayer.terrainlayer
  artifactKey: Guid(074fc8c64d066bf48a2d1f9be55cf103) Importer(815301076,1909f56bfc062723c751e8b465ee728b)
Start importing Assets/1. Scenes/NewLayer.terrainlayer using Guid(074fc8c64d066bf48a2d1f9be55cf103) Importer(815301076,1909f56bfc062723c751e8b465ee728b)  -> (artifact id: '09e0750c6ca8fc498ae22750508b9848') in 0.450766 seconds 
  Import took 0.595084 seconds .

========================================================================
Received Import Request.
  Time since last request: 3.618715 seconds.
  path: Assets/1. Scenes/PlayerDemo.unity
  artifactKey: Guid(174d59174af12ce448f7e6196889f010) Importer(815301076,1909f56bfc062723c751e8b465ee728b)
Start importing Assets/1. Scenes/PlayerDemo.unity using Guid(174d59174af12ce448f7e6196889f010) Importer(815301076,1909f56bfc062723c751e8b465ee728b)  -> (artifact id: '76975d4a15c83e51b7507b8821b81297') in 0.113132 seconds 
  Import took 0.248413 seconds .

========================================================================
Received Import Request.
  Time since last request: 33.145130 seconds.
  path: Assets/1. Scenes/3.City.unity
  artifactKey: Guid(aded70fbc8689bf439afa5e0410a8730) Importer(815301076,1909f56bfc062723c751e8b465ee728b)
Start importing Assets/1. Scenes/3.City.unity using Guid(aded70fbc8689bf439afa5e0410a8730) Importer(815301076,1909f56bfc062723c751e8b465ee728b)  -> (artifact id: 'e887cf2e5a516a5c03e035f2394d373f') in 0.099080 seconds 
  Import took 0.249648 seconds .

========================================================================
Received Import Request.
  Time since last request: 0.656845 seconds.
  path: Assets/1. Scenes/3.City 1.unity
  artifactKey: Guid(160a0e381215e504cb32f5462e6221e7) Importer(815301076,1909f56bfc062723c751e8b465ee728b)
Start importing Assets/1. Scenes/3.City 1.unity using Guid(160a0e381215e504cb32f5462e6221e7) Importer(815301076,1909f56bfc062723c751e8b465ee728b)  -> (artifact id: '39b02c5d6b07b64354c0b48258cfad3a') in 0.103800 seconds 
  Import took 0.189589 seconds .

========================================================================
Received Import Request.
  Time since last request: 111.679004 seconds.
  path: Assets/1. Scenes/3.City.unity
  artifactKey: Guid(160a0e381215e504cb32f5462e6221e7) Importer(815301076,1909f56bfc062723c751e8b465ee728b)
Start importing Assets/1. Scenes/3.City.unity using Guid(160a0e381215e504cb32f5462e6221e7) Importer(815301076,1909f56bfc062723c751e8b465ee728b)  -> (artifact id: '870e0ab29ed290b222c5e529f2b1aa6f') in 0.013346 seconds 
  Import took 0.139293 seconds .

========================================================================
Received Prepare
Registering precompiled user dll's ...
Registered in 0.125506 seconds.
Begin MonoManager ReloadAssembly
Native extension for WindowsStandalone target not found
Refreshing native plugins compatible for Editor in 1.08 ms, found 2 plugins.
Preloading 0 native plugins for Editor in 0.00 ms.
Warning: Annotation not found!
UnityEngine.StackTraceUtility:ExtractStackTrace ()
UnityEditor.ProBuilder.EditorUtility:SetGizmoIconEnabled (System.Type,bool) (at Library/PackageCache/com.unity.probuilder@5.0.3/Editor/EditorCore/EditorUtility.cs:575)
UnityEditor.ProBuilder.HierarchyListener:.cctor () (at Library/PackageCache/com.unity.probuilder@5.0.3/Editor/EditorCore/HierarchyListener.cs:21)
System.Runtime.CompilerServices.RuntimeHelpers:RunClassConstructor (System.RuntimeTypeHandle)
UnityEditor.EditorAssemblies:ProcessInitializeOnLoadAttributes (System.Type[])

[Library/PackageCache/com.unity.probuilder@5.0.3/Editor/EditorCore/EditorUtility.cs line 575]

Mono: successfully reloaded assembly
- Completed reload, in  3.894 seconds
Domain Reload Profiling:
	ReloadAssembly (3910ms)
		BeginReloadAssembly (963ms)
			ExecutionOrderSort (0ms)
			DisableScriptedObjects (63ms)
			BackupInstance (0ms)
			ReleaseScriptingObjects (0ms)
			CreateAndSetChildDomain (421ms)
		EndReloadAssembly (2832ms)
			LoadAssemblies (1741ms)
			RebuildTransferFunctionScriptingTraits (0ms)
			SetupTypeCache (387ms)
			ReleaseScriptCaches (2ms)
			RebuildScriptCaches (51ms)
			SetupLoadedEditorAssemblies (567ms)
				LogAssemblyErrors (0ms)
				InitializePlatformSupportModulesInManaged (9ms)
				SetLoadedEditorAssemblies (1ms)
				RefreshPlugins (1ms)
				BeforeProcessingInitializeOnLoad (102ms)
				ProcessInitializeOnLoadAttributes (431ms)
				ProcessInitializeOnLoadMethodAttributes (6ms)
				AfterProcessingInitializeOnLoad (15ms)
				EditorAssembliesLoaded (0ms)
			ExecutionOrderSort2 (0ms)
			AwakeInstancesAfterBackupRestoration (10ms)
Platform modules already initialized, skipping
Refreshing native plugins compatible for Editor in 1.30 ms, found 2 plugins.
Preloading 0 native plugins for Editor in 0.00 ms.
Unloading 1894 Unused Serialized files (Serialized files now loaded: 0)
System memory in use before: 112.8 MB.
System memory in use after: 112.9 MB.

Unloading 13 unused Assets to reduce memory usage. Loaded Objects now: 2429.
Total: 18.725200 ms (FindLiveObjects: 2.068700 ms CreateObjectMapping: 0.172400 ms MarkObjects: 15.724400 ms  DeleteObjects: 0.755800 ms)

AssetImportParameters requested are different than current active one (requested -> active):
  custom:framework-win-MediaFoundation: 216162199b28c13a410421893ffa2e32 -> 
  custom:video-decoder-ogg-theora: a1e56fd34408186e4bbccfd4996cb3dc -> 
  custom:container-muxer-webm: aa71ff27fc2769a1b78a27578f13a17b -> 
  custom:container-demuxer-webm: 4f35f7cbe854078d1ac9338744f61a02 -> 
  custom:container-demuxer-ogg: 62fdf1f143b41e24485cea50d1cbac27 -> 
  custom:video-encoder-webm-vp8: eb34c28f22e8b96e1ab97ce403110664 -> 
  custom:video-decoder-webm-vp8: 9c59270c3fd7afecdb556c50c9e8de78 -> 
  custom:audio-decoder-ogg-vorbis: bf7c407c2cedff20999df2af8eb42d56 -> 
  custom:audio-encoder-webm-vorbis: bf7c407c2cedff20999df2af8eb42d56 -> 
========================================================================
Received Prepare
Registering precompiled user dll's ...
Registered in 0.309790 seconds.
Begin MonoManager ReloadAssembly
Native extension for WindowsStandalone target not found
Refreshing native plugins compatible for Editor in 1.47 ms, found 2 plugins.
Preloading 0 native plugins for Editor in 0.00 ms.
Warning: Annotation not found!
UnityEngine.StackTraceUtility:ExtractStackTrace ()
UnityEditor.ProBuilder.EditorUtility:SetGizmoIconEnabled (System.Type,bool) (at Library/PackageCache/com.unity.probuilder@5.0.3/Editor/EditorCore/EditorUtility.cs:575)
UnityEditor.ProBuilder.HierarchyListener:.cctor () (at Library/PackageCache/com.unity.probuilder@5.0.3/Editor/EditorCore/HierarchyListener.cs:21)
System.Runtime.CompilerServices.RuntimeHelpers:RunClassConstructor (System.RuntimeTypeHandle)
UnityEditor.EditorAssemblies:ProcessInitializeOnLoadAttributes (System.Type[])

[Library/PackageCache/com.unity.probuilder@5.0.3/Editor/EditorCore/EditorUtility.cs line 575]

Mono: successfully reloaded assembly
- Completed reload, in  4.571 seconds
Domain Reload Profiling:
	ReloadAssembly (4610ms)
		BeginReloadAssembly (976ms)
			ExecutionOrderSort (0ms)
			DisableScriptedObjects (39ms)
			BackupInstance (0ms)
			ReleaseScriptingObjects (3ms)
			CreateAndSetChildDomain (344ms)
		EndReloadAssembly (3480ms)
			LoadAssemblies (1803ms)
			RebuildTransferFunctionScriptingTraits (0ms)
			SetupTypeCache (832ms)
			ReleaseScriptCaches (4ms)
			RebuildScriptCaches (56ms)
			SetupLoadedEditorAssemblies (720ms)
				LogAssemblyErrors (0ms)
				InitializePlatformSupportModulesInManaged (18ms)
				SetLoadedEditorAssemblies (2ms)
				RefreshPlugins (2ms)
				BeforeProcessingInitializeOnLoad (118ms)
				ProcessInitializeOnLoadAttributes (554ms)
				ProcessInitializeOnLoadMethodAttributes (9ms)
				AfterProcessingInitializeOnLoad (18ms)
				EditorAssembliesLoaded (0ms)
			ExecutionOrderSort2 (0ms)
			AwakeInstancesAfterBackupRestoration (9ms)
Platform modules already initialized, skipping
Refreshing native plugins compatible for Editor in 1.62 ms, found 2 plugins.
Preloading 0 native plugins for Editor in 0.00 ms.
Unloading 1894 Unused Serialized files (Serialized files now loaded: 0)
System memory in use before: 112.8 MB.
System memory in use after: 113.0 MB.

Unloading 13 unused Assets to reduce memory usage. Loaded Objects now: 2431.
Total: 20.650100 ms (FindLiveObjects: 3.189700 ms CreateObjectMapping: 0.200900 ms MarkObjects: 16.792700 ms  DeleteObjects: 0.464400 ms)

AssetImportParameters requested are different than current active one (requested -> active):
  custom:framework-win-MediaFoundation: 216162199b28c13a410421893ffa2e32 -> 
  custom:video-decoder-ogg-theora: a1e56fd34408186e4bbccfd4996cb3dc -> 
  custom:container-muxer-webm: aa71ff27fc2769a1b78a27578f13a17b -> 
  custom:container-demuxer-webm: 4f35f7cbe854078d1ac9338744f61a02 -> 
  custom:container-demuxer-ogg: 62fdf1f143b41e24485cea50d1cbac27 -> 
  custom:video-encoder-webm-vp8: eb34c28f22e8b96e1ab97ce403110664 -> 
  custom:video-decoder-webm-vp8: 9c59270c3fd7afecdb556c50c9e8de78 -> 
  custom:audio-decoder-ogg-vorbis: bf7c407c2cedff20999df2af8eb42d56 -> 
  custom:audio-encoder-webm-vorbis: bf7c407c2cedff20999df2af8eb42d56 -> 
========================================================================
Received Prepare
Registering precompiled user dll's ...
Registered in 0.091758 seconds.
Begin MonoManager ReloadAssembly
Native extension for WindowsStandalone target not found
Refreshing native plugins compatible for Editor in 1.52 ms, found 2 plugins.
Preloading 0 native plugins for Editor in 0.00 ms.
Warning: Annotation not found!
UnityEngine.StackTraceUtility:ExtractStackTrace ()
UnityEditor.ProBuilder.EditorUtility:SetGizmoIconEnabled (System.Type,bool) (at Library/PackageCache/com.unity.probuilder@5.0.3/Editor/EditorCore/EditorUtility.cs:575)
UnityEditor.ProBuilder.HierarchyListener:.cctor () (at Library/PackageCache/com.unity.probuilder@5.0.3/Editor/EditorCore/HierarchyListener.cs:21)
System.Runtime.CompilerServices.RuntimeHelpers:RunClassConstructor (System.RuntimeTypeHandle)
UnityEditor.EditorAssemblies:ProcessInitializeOnLoadAttributes (System.Type[])

[Library/PackageCache/com.unity.probuilder@5.0.3/Editor/EditorCore/EditorUtility.cs line 575]

Mono: successfully reloaded assembly
- Completed reload, in  3.140 seconds
Domain Reload Profiling:
	ReloadAssembly (3143ms)
		BeginReloadAssembly (315ms)
			ExecutionOrderSort (0ms)
			DisableScriptedObjects (14ms)
			BackupInstance (0ms)
			ReleaseScriptingObjects (0ms)
			CreateAndSetChildDomain (99ms)
		EndReloadAssembly (2733ms)
			LoadAssemblies (1705ms)
			RebuildTransferFunctionScriptingTraits (0ms)
			SetupTypeCache (383ms)
			ReleaseScriptCaches (2ms)
			RebuildScriptCaches (52ms)
			SetupLoadedEditorAssemblies (508ms)
				LogAssemblyErrors (0ms)
				InitializePlatformSupportModulesInManaged (7ms)
				SetLoadedEditorAssemblies (1ms)
				RefreshPlugins (2ms)
				BeforeProcessingInitializeOnLoad (98ms)
				ProcessInitializeOnLoadAttributes (378ms)
				ProcessInitializeOnLoadMethodAttributes (7ms)
				AfterProcessingInitializeOnLoad (15ms)
				EditorAssembliesLoaded (0ms)
			ExecutionOrderSort2 (0ms)
			AwakeInstancesAfterBackupRestoration (8ms)
Platform modules already initialized, skipping
Refreshing native plugins compatible for Editor in 4.37 ms, found 2 plugins.
Preloading 0 native plugins for Editor in 0.00 ms.
Unloading 1894 Unused Serialized files (Serialized files now loaded: 0)
System memory in use before: 112.9 MB.
System memory in use after: 113.0 MB.

Unloading 13 unused Assets to reduce memory usage. Loaded Objects now: 2433.
Total: 16.602800 ms (FindLiveObjects: 1.402100 ms CreateObjectMapping: 0.190300 ms MarkObjects: 14.447900 ms  DeleteObjects: 0.560600 ms)

AssetImportParameters requested are different than current active one (requested -> active):
  custom:framework-win-MediaFoundation: 216162199b28c13a410421893ffa2e32 -> 
  custom:video-decoder-ogg-theora: a1e56fd34408186e4bbccfd4996cb3dc -> 
  custom:container-muxer-webm: aa71ff27fc2769a1b78a27578f13a17b -> 
  custom:container-demuxer-webm: 4f35f7cbe854078d1ac9338744f61a02 -> 
  custom:container-demuxer-ogg: 62fdf1f143b41e24485cea50d1cbac27 -> 
  custom:video-encoder-webm-vp8: eb34c28f22e8b96e1ab97ce403110664 -> 
  custom:video-decoder-webm-vp8: 9c59270c3fd7afecdb556c50c9e8de78 -> 
  custom:audio-decoder-ogg-vorbis: bf7c407c2cedff20999df2af8eb42d56 -> 
  custom:audio-encoder-webm-vorbis: bf7c407c2cedff20999df2af8eb42d56 -> 
========================================================================
Received Import Request.
  Time since last request: 1643.816308 seconds.
  path: Assets/3. Object/Effect/CabbageEffect.prefab
  artifactKey: Guid(296323deb7ec75e4dad577786f659583) Importer(815301076,1909f56bfc062723c751e8b465ee728b)
Start importing Assets/3. Object/Effect/CabbageEffect.prefab using Guid(296323deb7ec75e4dad577786f659583) Importer(815301076,1909f56bfc062723c751e8b465ee728b)  -> (artifact id: 'cb1189e8bd956d702d99959f296a3aab') in 0.553876 seconds 
  Import took 0.846133 seconds .

========================================================================
Received Import Request.
  Time since last request: 0.000479 seconds.
  path: Assets/3. Object/Effect/GoldWeaponEffect.prefab
  artifactKey: Guid(0d6eddcfa8bf7824f9e1555a6707ec4e) Importer(815301076,1909f56bfc062723c751e8b465ee728b)
Start importing Assets/3. Object/Effect/GoldWeaponEffect.prefab using Guid(0d6eddcfa8bf7824f9e1555a6707ec4e) Importer(815301076,1909f56bfc062723c751e8b465ee728b)  -> (artifact id: '674ead2320901aeacb52aa472cd70b47') in 0.461054 seconds 
  Import took 0.660396 seconds .

========================================================================
Received Import Request.
  Time since last request: 0.000691 seconds.
  path: Assets/3. Object/Effect/PuffLarge 1.prefab
  artifactKey: Guid(ed2be791d4eb4814d80622d73cfd9b44) Importer(815301076,1909f56bfc062723c751e8b465ee728b)
Start importing Assets/3. Object/Effect/PuffLarge 1.prefab using Guid(ed2be791d4eb4814d80622d73cfd9b44) Importer(815301076,1909f56bfc062723c751e8b465ee728b)  -> (artifact id: '9132f39f5bb6696dcc1607d7d6c6c204') in 0.174052 seconds 
  Import took 0.278998 seconds .

========================================================================
Received Import Request.
  Time since last request: 0.000387 seconds.
  path: Assets/3. Object/Effect/TomatoEffect.prefab
  artifactKey: Guid(ef5c026044ea5c64789b064c69337ff8) Importer(815301076,1909f56bfc062723c751e8b465ee728b)
Start importing Assets/3. Object/Effect/TomatoEffect.prefab using Guid(ef5c026044ea5c64789b064c69337ff8) Importer(815301076,1909f56bfc062723c751e8b465ee728b)  -> (artifact id: '4979769ba506d066aee2ea0c43ee3e85') in 0.174976 seconds 
  Import took 0.309542 seconds .

========================================================================
Received Import Request.
  Time since last request: 0.000480 seconds.
  path: Assets/3. Object/Effect/Explosion01_HighPerformance 1.prefab
  artifactKey: Guid(50ba925111528f44a97c418ec72d9882) Importer(815301076,1909f56bfc062723c751e8b465ee728b)
Start importing Assets/3. Object/Effect/Explosion01_HighPerformance 1.prefab using Guid(50ba925111528f44a97c418ec72d9882) Importer(815301076,1909f56bfc062723c751e8b465ee728b)  -> (artifact id: 'f6c005c8ff055edf8662ae7a22894378') in 0.115341 seconds 
  Import took 0.262940 seconds .

========================================================================
Received Import Request.
  Time since last request: 0.000447 seconds.
  path: Assets/3. Object/Effect/Explosion02_HighPerformance 1.prefab
  artifactKey: Guid(e0ee1d39cb5a4a84cbc5b96e0799992b) Importer(815301076,1909f56bfc062723c751e8b465ee728b)
Start importing Assets/3. Object/Effect/Explosion02_HighPerformance 1.prefab using Guid(e0ee1d39cb5a4a84cbc5b96e0799992b) Importer(815301076,1909f56bfc062723c751e8b465ee728b)  -> (artifact id: 'dcf55d14d224f8206ab6d208733b8477') in 0.140291 seconds 
  Import took 0.223476 seconds .

========================================================================
Received Import Request.
  Time since last request: 0.000899 seconds.
  path: Assets/3. Object/Effect/Puff_HighPerformance 2.prefab
  artifactKey: Guid(392d94792b5417e4583040f24bcc08e1) Importer(815301076,1909f56bfc062723c751e8b465ee728b)
Start importing Assets/3. Object/Effect/Puff_HighPerformance 2.prefab using Guid(392d94792b5417e4583040f24bcc08e1) Importer(815301076,1909f56bfc062723c751e8b465ee728b)  -> (artifact id: '19f739a5ffabda7acc5afcbc92a56e76') in 0.073041 seconds 
  Import took 0.236343 seconds .

========================================================================
Received Import Request.
  Time since last request: 0.001037 seconds.
  path: Assets/3. Object/Effect/Toach.prefab
  artifactKey: Guid(af70355ef8902d449a08db87eee9b2a2) Importer(815301076,1909f56bfc062723c751e8b465ee728b)
Start importing Assets/3. Object/Effect/Toach.prefab using Guid(af70355ef8902d449a08db87eee9b2a2) Importer(815301076,1909f56bfc062723c751e8b465ee728b)  -> (artifact id: '46d78770e9fc2ef5248fd014e312113f') in 0.273344 seconds 
  Import took 0.363806 seconds .

========================================================================
Received Import Request.
  Time since last request: 0.001315 seconds.
  path: Assets/3. Object/Effect/GoldBombEffect.prefab
  artifactKey: Guid(ddc93f5a1c2c61e479e563084f8363bc) Importer(815301076,1909f56bfc062723c751e8b465ee728b)
Start importing Assets/3. Object/Effect/GoldBombEffect.prefab using Guid(ddc93f5a1c2c61e479e563084f8363bc) Importer(815301076,1909f56bfc062723c751e8b465ee728b)  -> (artifact id: 'bf0aa8fb581f74f27bdf86d5b07400c6') in 0.132610 seconds 
  Import took 0.214771 seconds .

========================================================================
Received Import Request.
  Time since last request: 0.000782 seconds.
  path: Assets/3. Object/Effect/Light.prefab
  artifactKey: Guid(bef06d57fca669f4a9362f013d267ad3) Importer(815301076,1909f56bfc062723c751e8b465ee728b)
Start importing Assets/3. Object/Effect/Light.prefab using Guid(bef06d57fca669f4a9362f013d267ad3) Importer(815301076,1909f56bfc062723c751e8b465ee728b)  -> (artifact id: '5cdee0b01c6d5af059906a7338091410') in 0.267277 seconds 
  Import took 0.292265 seconds .

========================================================================
Received Import Request.
  Time since last request: 0.000435 seconds.
  path: Assets/3. Object/Effect/MissionObjEffect.prefab
  artifactKey: Guid(3c28deeb58be1104691e6cc748b4c38d) Importer(815301076,1909f56bfc062723c751e8b465ee728b)
Start importing Assets/3. Object/Effect/MissionObjEffect.prefab using Guid(3c28deeb58be1104691e6cc748b4c38d) Importer(815301076,1909f56bfc062723c751e8b465ee728b)  -> (artifact id: 'a2b05b7c95bc5acf97c2c0f514b992f9') in 0.146463 seconds 
  Import took 0.190528 seconds .

========================================================================
Received Import Request.
  Time since last request: 0.000364 seconds.
  path: Assets/3. Object/Effect/Explosion03_HighPerformance 1.prefab
  artifactKey: Guid(f061348f7e1c584469f1553a81135616) Importer(815301076,1909f56bfc062723c751e8b465ee728b)
Start importing Assets/3. Object/Effect/Explosion03_HighPerformance 1.prefab using Guid(f061348f7e1c584469f1553a81135616) Importer(815301076,1909f56bfc062723c751e8b465ee728b)  -> (artifact id: 'db78938609686797c620bc6229ca7ba1') in 0.135639 seconds 
  Import took 0.282300 seconds .

========================================================================
Received Import Request.
  Time since last request: 0.002590 seconds.
  path: Assets/3. Object/Effect/Fire.prefab
  artifactKey: Guid(24d1ae975d052b54e9eb48ea84997fc7) Importer(815301076,1909f56bfc062723c751e8b465ee728b)
Start importing Assets/3. Object/Effect/Fire.prefab using Guid(24d1ae975d052b54e9eb48ea84997fc7) Importer(815301076,1909f56bfc062723c751e8b465ee728b)  -> (artifact id: '3fdca771de7e9f8107c0ade0ddaa1eda') in 5.259683 seconds 
  Import took 5.664791 seconds .

========================================================================
Received Import Request.
  Time since last request: 0.000414 seconds.
  path: Assets/Effect/Polygonal Particles/Assets/Meshes/PolygonalMesh.fbx
  artifactKey: Guid(376153f3bc577c84ead7c2bc8df9c990) Importer(815301076,1909f56bfc062723c751e8b465ee728b)
Start importing Assets/Effect/Polygonal Particles/Assets/Meshes/PolygonalMesh.fbx using Guid(376153f3bc577c84ead7c2bc8df9c990) Importer(815301076,1909f56bfc062723c751e8b465ee728b)  -> (artifact id: 'ffa423c611db814645e79d173f22cce0') in 0.593764 seconds 
  Import took 0.745522 seconds .

========================================================================
Received Import Request.
  Time since last request: 0.000441 seconds.
  path: Assets/Effect/Polygonal Particles/Assets/Materials/Explosion.mat
  artifactKey: Guid(1a754ee911c021f408022516e8bd4d01) Importer(815301076,1909f56bfc062723c751e8b465ee728b)
Start importing Assets/Effect/Polygonal Particles/Assets/Materials/Explosion.mat using Guid(1a754ee911c021f408022516e8bd4d01) Importer(815301076,1909f56bfc062723c751e8b465ee728b)  -> (artifact id: 'f21d95751d1f61d6e23a93d48def8b87') in 0.167825 seconds 
  Import took 0.265742 seconds .

========================================================================
Received Import Request.
  Time since last request: 0.000698 seconds.
  path: Assets/3. Object/Effect/ExplosionEffect.prefab
  artifactKey: Guid(b994820a727938849893b5ffd8c2f068) Importer(815301076,1909f56bfc062723c751e8b465ee728b)
Start importing Assets/3. Object/Effect/ExplosionEffect.prefab using Guid(b994820a727938849893b5ffd8c2f068) Importer(815301076,1909f56bfc062723c751e8b465ee728b)  -> (artifact id: 'e712cec21454ec35ea4c917972d5e55f') in 0.044980 seconds 
  Import took 0.136530 seconds .

========================================================================
Received Import Request.
  Time since last request: 0.000427 seconds.
  path: Assets/3. Object/Effect/WaterToEffect.prefab
  artifactKey: Guid(e163efe880805584aa8dc4933a44a0a4) Importer(815301076,1909f56bfc062723c751e8b465ee728b)
Start importing Assets/3. Object/Effect/WaterToEffect.prefab using Guid(e163efe880805584aa8dc4933a44a0a4) Importer(815301076,1909f56bfc062723c751e8b465ee728b)  -> (artifact id: '5705ba6b879efdd2b72ce9152f286c29') in 0.150464 seconds 
  Import took 0.389987 seconds .

========================================================================
Received Import Request.
  Time since last request: 15.996730 seconds.
  path: Assets/3. Object/Item/EmptyItem.prefab
  artifactKey: Guid(8c66f53d7871be2479b00c6286f7eb6a) Importer(815301076,1909f56bfc062723c751e8b465ee728b)
Start importing Assets/3. Object/Item/EmptyItem.prefab using Guid(8c66f53d7871be2479b00c6286f7eb6a) Importer(815301076,1909f56bfc062723c751e8b465ee728b)  -> (artifact id: '201a0b6db69de7ec91d7e860c4c5cb8a') in 0.166378 seconds 
  Import took 0.330248 seconds .

========================================================================
Received Import Request.
  Time since last request: 0.000491 seconds.
  path: Assets/3. Object/Item/Explosion.prefab
  artifactKey: Guid(5b9933d2e97805a43bc6faf48b51dc51) Importer(815301076,1909f56bfc062723c751e8b465ee728b)
Start importing Assets/3. Object/Item/Explosion.prefab using Guid(5b9933d2e97805a43bc6faf48b51dc51) Importer(815301076,1909f56bfc062723c751e8b465ee728b)  -> (artifact id: '15fc3d894a8d60c7382a157eee460200') in 0.078576 seconds 
  Import took 0.196686 seconds .

========================================================================
Received Prepare
Registering precompiled user dll's ...
Registered in 0.316192 seconds.
Begin MonoManager ReloadAssembly
Native extension for WindowsStandalone target not found
Refreshing native plugins compatible for Editor in 1.25 ms, found 2 plugins.
Preloading 0 native plugins for Editor in 0.00 ms.
Warning: Annotation not found!
UnityEngine.StackTraceUtility:ExtractStackTrace ()
UnityEditor.ProBuilder.EditorUtility:SetGizmoIconEnabled (System.Type,bool) (at Library/PackageCache/com.unity.probuilder@5.0.3/Editor/EditorCore/EditorUtility.cs:575)
UnityEditor.ProBuilder.HierarchyListener:.cctor () (at Library/PackageCache/com.unity.probuilder@5.0.3/Editor/EditorCore/HierarchyListener.cs:21)
System.Runtime.CompilerServices.RuntimeHelpers:RunClassConstructor (System.RuntimeTypeHandle)
UnityEditor.EditorAssemblies:ProcessInitializeOnLoadAttributes (System.Type[])

[Library/PackageCache/com.unity.probuilder@5.0.3/Editor/EditorCore/EditorUtility.cs line 575]

Mono: successfully reloaded assembly
- Completed reload, in  3.751 seconds
Domain Reload Profiling:
	ReloadAssembly (3759ms)
		BeginReloadAssembly (842ms)
			ExecutionOrderSort (0ms)
			DisableScriptedObjects (64ms)
			BackupInstance (0ms)
			ReleaseScriptingObjects (0ms)
			CreateAndSetChildDomain (436ms)
		EndReloadAssembly (2789ms)
			LoadAssemblies (1652ms)
			RebuildTransferFunctionScriptingTraits (0ms)
			SetupTypeCache (423ms)
			ReleaseScriptCaches (11ms)
			RebuildScriptCaches (51ms)
			SetupLoadedEditorAssemblies (559ms)
				LogAssemblyErrors (0ms)
				InitializePlatformSupportModulesInManaged (8ms)
				SetLoadedEditorAssemblies (1ms)
				RefreshPlugins (1ms)
				BeforeProcessingInitializeOnLoad (103ms)
				ProcessInitializeOnLoadAttributes (421ms)
				ProcessInitializeOnLoadMethodAttributes (6ms)
				AfterProcessingInitializeOnLoad (18ms)
				EditorAssembliesLoaded (0ms)
			ExecutionOrderSort2 (0ms)
			AwakeInstancesAfterBackupRestoration (9ms)
Platform modules already initialized, skipping
Refreshing native plugins compatible for Editor in 1.99 ms, found 2 plugins.
Preloading 0 native plugins for Editor in 0.00 ms.
Unloading 1894 Unused Serialized files (Serialized files now loaded: 0)
System memory in use before: 185.0 MB.
System memory in use after: 185.1 MB.

Unloading 13 unused Assets to reduce memory usage. Loaded Objects now: 2477.
Total: 17.848300 ms (FindLiveObjects: 1.149100 ms CreateObjectMapping: 0.110900 ms MarkObjects: 16.167400 ms  DeleteObjects: 0.418900 ms)

AssetImportParameters requested are different than current active one (requested -> active):
  custom:framework-win-MediaFoundation: 216162199b28c13a410421893ffa2e32 -> 
  custom:video-decoder-ogg-theora: a1e56fd34408186e4bbccfd4996cb3dc -> 
  custom:container-muxer-webm: aa71ff27fc2769a1b78a27578f13a17b -> 
  custom:container-demuxer-webm: 4f35f7cbe854078d1ac9338744f61a02 -> 
  custom:container-demuxer-ogg: 62fdf1f143b41e24485cea50d1cbac27 -> 
  custom:video-encoder-webm-vp8: eb34c28f22e8b96e1ab97ce403110664 -> 
  custom:video-decoder-webm-vp8: 9c59270c3fd7afecdb556c50c9e8de78 -> 
  custom:audio-decoder-ogg-vorbis: bf7c407c2cedff20999df2af8eb42d56 -> 
  custom:audio-encoder-webm-vorbis: bf7c407c2cedff20999df2af8eb42d56 -> 
========================================================================
Received Import Request.
  Time since last request: 150.850101 seconds.
  path: Assets/4. Animations/Ch36_nonPBR@Standing Torch Melee Attack 02.fbx
  artifactKey: Guid(d92c6553b60e78445ac51d2973dd6fe1) Importer(815301076,1909f56bfc062723c751e8b465ee728b)
Start importing Assets/4. Animations/Ch36_nonPBR@Standing Torch Melee Attack 02.fbx using Guid(d92c6553b60e78445ac51d2973dd6fe1) Importer(815301076,1909f56bfc062723c751e8b465ee728b)  -> (artifact id: 'efa99da39fec920a4a4878f6607186d3') in 0.533596 seconds 
  Import took 0.849981 seconds .

========================================================================
Received Import Request.
  Time since last request: 0.001119 seconds.
  path: Assets/4. Animations/Ch36_nonPBR@Hit To Side Of Body.fbx
  artifactKey: Guid(7ada244a54c7e3742830ac0d9498b427) Importer(815301076,1909f56bfc062723c751e8b465ee728b)
Start importing Assets/4. Animations/Ch36_nonPBR@Hit To Side Of Body.fbx using Guid(7ada244a54c7e3742830ac0d9498b427) Importer(815301076,1909f56bfc062723c751e8b465ee728b)  -> (artifact id: '6a4b22af36041a1f1c4e4b8ca01f7c22') in 0.191925 seconds 
  Import took 0.414285 seconds .

========================================================================
Received Import Request.
  Time since last request: 0.001614 seconds.
  path: Assets/4. Animations/EnemyIdle.fbx
  artifactKey: Guid(95db7fddc8f7b0a4ba3f44a4da1cc929) Importer(815301076,1909f56bfc062723c751e8b465ee728b)
Start importing Assets/4. Animations/EnemyIdle.fbx using Guid(95db7fddc8f7b0a4ba3f44a4da1cc929) Importer(815301076,1909f56bfc062723c751e8b465ee728b)  -> (artifact id: '44a6f01eb8f4d7a3ca51ede4cd696493') in 0.223876 seconds 
  Import took 0.376532 seconds .

========================================================================
Received Import Request.
  Time since last request: 0.000486 seconds.
  path: Assets/4. Animations/xbot@Idle.fbx
  artifactKey: Guid(6e7af579d2af666438a2ea6ec13835d0) Importer(815301076,1909f56bfc062723c751e8b465ee728b)
Start importing Assets/4. Animations/xbot@Idle.fbx using Guid(6e7af579d2af666438a2ea6ec13835d0) Importer(815301076,1909f56bfc062723c751e8b465ee728b)  -> (artifact id: '4b5e5ab265dd82922d5c8ac9ff5fd79d') in 0.143521 seconds 
  Import took 0.207299 seconds .

========================================================================
Received Import Request.
  Time since last request: 73.179263 seconds.
  path: Assets/4. Animations/Ch36_nonPBR@Dizzy Idle.fbx
  artifactKey: Guid(373fec12a20305644817aee67ec0bec1) Importer(815301076,1909f56bfc062723c751e8b465ee728b)
Start importing Assets/4. Animations/Ch36_nonPBR@Dizzy Idle.fbx using Guid(373fec12a20305644817aee67ec0bec1) Importer(815301076,1909f56bfc062723c751e8b465ee728b)  -> (artifact id: 'bd4b8377c5a8e4a66725b72e52159f50') in 0.179338 seconds 
  Import took 0.257341 seconds .

========================================================================
Received Import Request.
  Time since last request: 13.602772 seconds.
  path: Assets/4. Animations/Ch36_nonPBR@Dizzy Idle.fbx
  artifactKey: Guid(373fec12a20305644817aee67ec0bec1) Importer(815301076,1909f56bfc062723c751e8b465ee728b)
Start importing Assets/4. Animations/Ch36_nonPBR@Dizzy Idle.fbx using Guid(373fec12a20305644817aee67ec0bec1) Importer(815301076,1909f56bfc062723c751e8b465ee728b)  -> (artifact id: 'ff995db544ad15c6176fde0c891b8017') in 0.085815 seconds 
  Import took 0.201358 seconds .

========================================================================
Received Import Request.
  Time since last request: 49.137028 seconds.
  path: Assets/4. Animations/Ch36_nonPBR@Dizzy Idle.fbx
  artifactKey: Guid(373fec12a20305644817aee67ec0bec1) Importer(815301076,1909f56bfc062723c751e8b465ee728b)
Start importing Assets/4. Animations/Ch36_nonPBR@Dizzy Idle.fbx using Guid(373fec12a20305644817aee67ec0bec1) Importer(815301076,1909f56bfc062723c751e8b465ee728b)  -> (artifact id: '0a7645de2bf5e0af707e9316d1fd136f') in 0.095879 seconds 
  Import took 0.293646 seconds .

========================================================================
Received Prepare
Registering precompiled user dll's ...
Registered in 0.487556 seconds.
Begin MonoManager ReloadAssembly
Native extension for WindowsStandalone target not found
Refreshing native plugins compatible for Editor in 1.06 ms, found 2 plugins.
Preloading 0 native plugins for Editor in 0.00 ms.
Warning: Annotation not found!
UnityEngine.StackTraceUtility:ExtractStackTrace ()
UnityEditor.ProBuilder.EditorUtility:SetGizmoIconEnabled (System.Type,bool) (at Library/PackageCache/com.unity.probuilder@5.0.3/Editor/EditorCore/EditorUtility.cs:575)
UnityEditor.ProBuilder.HierarchyListener:.cctor () (at Library/PackageCache/com.unity.probuilder@5.0.3/Editor/EditorCore/HierarchyListener.cs:21)
System.Runtime.CompilerServices.RuntimeHelpers:RunClassConstructor (System.RuntimeTypeHandle)
UnityEditor.EditorAssemblies:ProcessInitializeOnLoadAttributes (System.Type[])

[Library/PackageCache/com.unity.probuilder@5.0.3/Editor/EditorCore/EditorUtility.cs line 575]

Mono: successfully reloaded assembly
- Completed reload, in  3.914 seconds
Domain Reload Profiling:
	ReloadAssembly (3933ms)
		BeginReloadAssembly (861ms)
			ExecutionOrderSort (0ms)
			DisableScriptedObjects (25ms)
			BackupInstance (0ms)
			ReleaseScriptingObjects (0ms)
			CreateAndSetChildDomain (469ms)
		EndReloadAssembly (2931ms)
			LoadAssemblies (1745ms)
			RebuildTransferFunctionScriptingTraits (2ms)
			SetupTypeCache (485ms)
			ReleaseScriptCaches (4ms)
			RebuildScriptCaches (53ms)
			SetupLoadedEditorAssemblies (580ms)
				LogAssemblyErrors (0ms)
				InitializePlatformSupportModulesInManaged (13ms)
				SetLoadedEditorAssemblies (1ms)
				RefreshPlugins (2ms)
				BeforeProcessingInitializeOnLoad (119ms)
				ProcessInitializeOnLoadAttributes (422ms)
				ProcessInitializeOnLoadMethodAttributes (9ms)
				AfterProcessingInitializeOnLoad (14ms)
				EditorAssembliesLoaded (0ms)
			ExecutionOrderSort2 (0ms)
			AwakeInstancesAfterBackupRestoration (8ms)
Platform modules already initialized, skipping
Refreshing native plugins compatible for Editor in 1.74 ms, found 2 plugins.
Preloading 0 native plugins for Editor in 0.00 ms.
Unloading 1894 Unused Serialized files (Serialized files now loaded: 0)
System memory in use before: 185.0 MB.
System memory in use after: 185.1 MB.

Unloading 13 unused Assets to reduce memory usage. Loaded Objects now: 2480.
Total: 4.912300 ms (FindLiveObjects: 0.348600 ms CreateObjectMapping: 0.084500 ms MarkObjects: 4.352800 ms  DeleteObjects: 0.124000 ms)

AssetImportParameters requested are different than current active one (requested -> active):
  custom:framework-win-MediaFoundation: 216162199b28c13a410421893ffa2e32 -> 
  custom:video-decoder-ogg-theora: a1e56fd34408186e4bbccfd4996cb3dc -> 
  custom:container-muxer-webm: aa71ff27fc2769a1b78a27578f13a17b -> 
  custom:container-demuxer-webm: 4f35f7cbe854078d1ac9338744f61a02 -> 
  custom:container-demuxer-ogg: 62fdf1f143b41e24485cea50d1cbac27 -> 
  custom:video-encoder-webm-vp8: eb34c28f22e8b96e1ab97ce403110664 -> 
  custom:video-decoder-webm-vp8: 9c59270c3fd7afecdb556c50c9e8de78 -> 
  custom:audio-decoder-ogg-vorbis: bf7c407c2cedff20999df2af8eb42d56 -> 
  custom:audio-encoder-webm-vorbis: bf7c407c2cedff20999df2af8eb42d56 -> 
========================================================================
Received Import Request.
  Time since last request: 195.948023 seconds.
  path: Assets/7.Sound
  artifactKey: Guid(3fcd1f1f37aa7624eaa765c40c0ae952) Importer(815301076,1909f56bfc062723c751e8b465ee728b)
Start importing Assets/7.Sound using Guid(3fcd1f1f37aa7624eaa765c40c0ae952) Importer(815301076,1909f56bfc062723c751e8b465ee728b)  -> (artifact id: 'ab18cc2d6aba412cd8d24642af235d7d') in 0.080735 seconds 
  Import took 0.353181 seconds .

========================================================================
Received Import Request.
  Time since last request: 6.438812 seconds.
  path: Assets/7.Sound/sci-fi_weapon_laser_small_05.wav
  artifactKey: Guid(039b2dae002c3414e924bd82f81260fc) Importer(815301076,1909f56bfc062723c751e8b465ee728b)
Start importing Assets/7.Sound/sci-fi_weapon_laser_small_05.wav using Guid(039b2dae002c3414e924bd82f81260fc) Importer(815301076,1909f56bfc062723c751e8b465ee728b)  -> (artifact id: '70d747a043cdafdbb2593e201061be62') in 0.519898 seconds 
  Import took 0.790103 seconds .

========================================================================
Received Import Request.
  Time since last request: 0.000483 seconds.
  path: Assets/7.Sound/sci-fi_weapon_laser_small_fun_04.wav
  artifactKey: Guid(f8299a6750c0a7146876e2857f9b612b) Importer(815301076,1909f56bfc062723c751e8b465ee728b)
Start importing Assets/7.Sound/sci-fi_weapon_laser_small_fun_04.wav using Guid(f8299a6750c0a7146876e2857f9b612b) Importer(815301076,1909f56bfc062723c751e8b465ee728b)  -> (artifact id: 'a99e42308141ec0c53c8461b0088e020') in 0.317667 seconds 
  Import took 0.423226 seconds .

========================================================================
Received Import Request.
  Time since last request: 205.153170 seconds.
  path: Assets/Effect/KriptoFX/Realistic Effects Pack 3/Materials/Objects/BlackHole/BlackHole.ogg
  artifactKey: Guid(29b2fa81a2992c84bae0bf40c2bf4e52) Importer(815301076,1909f56bfc062723c751e8b465ee728b)
Start importing Assets/Effect/KriptoFX/Realistic Effects Pack 3/Materials/Objects/BlackHole/BlackHole.ogg using Guid(29b2fa81a2992c84bae0bf40c2bf4e52) Importer(815301076,1909f56bfc062723c751e8b465ee728b)  -> (artifact id: '9f8945e797ab96aca2bdb1a4f51e54b9') in 0.358529 seconds 
  Import took 0.801547 seconds .

========================================================================
Received Import Request.
  Time since last request: 0.001465 seconds.
  path: Assets/Effect/ARPG Effects/Sound/fire_loop.wav
  artifactKey: Guid(4588673e0bee19640b1d69ab4034ecf8) Importer(815301076,1909f56bfc062723c751e8b465ee728b)
Start importing Assets/Effect/ARPG Effects/Sound/fire_loop.wav using Guid(4588673e0bee19640b1d69ab4034ecf8) Importer(815301076,1909f56bfc062723c751e8b465ee728b)  -> (artifact id: '81a559dd85880558cbeced9d9370a625') in 0.205870 seconds 
  Import took 0.280767 seconds .

========================================================================
Received Import Request.
  Time since last request: 0.000535 seconds.
  path: Assets/Effect/ARPG Effects/Sound/torch_loop.wav
  artifactKey: Guid(c45033c33600b0e46a86899affe6aeb8) Importer(815301076,1909f56bfc062723c751e8b465ee728b)
Start importing Assets/Effect/ARPG Effects/Sound/torch_loop.wav using Guid(c45033c33600b0e46a86899affe6aeb8) Importer(815301076,1909f56bfc062723c751e8b465ee728b)  -> (artifact id: '3f30b3d1630b26a2fbba6ac77e15fbf0') in 0.174447 seconds 
  Import took 0.396014 seconds .

========================================================================
Received Import Request.
  Time since last request: 0.001032 seconds.
  path: Assets/Effect/ARPG Effects/Sound/rain_loop.wav
  artifactKey: Guid(b79a225b37333f944aabbc6ca2f22ed4) Importer(815301076,1909f56bfc062723c751e8b465ee728b)
Start importing Assets/Effect/ARPG Effects/Sound/rain_loop.wav using Guid(b79a225b37333f944aabbc6ca2f22ed4) Importer(815301076,1909f56bfc062723c751e8b465ee728b)  -> (artifact id: '1d12645a63db3c7452db4936984b6f9d') in 0.171419 seconds 
  Import took 0.350855 seconds .

========================================================================
Received Import Request.
  Time since last request: 78.362243 seconds.
  path: Assets/3. Object/Puzzle
  artifactKey: Guid(d7ebcbe217516244e815278463a6cf11) Importer(815301076,1909f56bfc062723c751e8b465ee728b)
Start importing Assets/3. Object/Puzzle using Guid(d7ebcbe217516244e815278463a6cf11) Importer(815301076,1909f56bfc062723c751e8b465ee728b)  -> (artifact id: 'a5a9c43767a8dbb9b2d948f48facdaad') in 0.126369 seconds 
  Import took 0.222092 seconds .

========================================================================
Received Import Request.
  Time since last request: 6.391552 seconds.
  path: Assets/3. Object/Puzzle/CrossSign.prefab
  artifactKey: Guid(307119ca3d182d14b84e9ab4a3e1de45) Importer(815301076,1909f56bfc062723c751e8b465ee728b)
Start importing Assets/3. Object/Puzzle/CrossSign.prefab using Guid(307119ca3d182d14b84e9ab4a3e1de45) Importer(815301076,1909f56bfc062723c751e8b465ee728b)  -> (artifact id: '1039239d1cda11682982bb183b89982e') in 1.574742 seconds 
  Import took 1.659873 seconds .

AssetImportWorkerClient::OnTransportError - code=2 error=End of file
